2017-10-20 14:11:39 -  - exec CUpdateClientPartner::GetUpdatesList
2017-10-20 14:11:39 -  - exec CUpdateClientPartner::__CollectRequestData
2017-10-20 14:11:39 -  - utf=Y&lang=ru&stable=Y&CANGZIP=Y&SUPD_DBS=MYSQL&XE=N&CLIENT_SITE=toz.dialtest.ru&LICENSE_KEY=X&SUPD_STS=2&SUPD_URS=0&SUPD_URSA=2&TYPENC=D&CLIENT_PHPVER=5.6.30-0%2Bdeb8u1&NGINX=Y&dbv=5.5.44&instm=main%2C17.0.15%2CY%3Bbitrix.sitecorporate%2C15.5.0%2CN%3Bsecurity%2C17.0.1%2CN%3Btranslate%2C15.5.0%2CN%3Biblock%2C17.0.11%2CN%3Bbitrix.sitepersonal%2C15.5.0%2CN%3Bseo%2C17.1.1%2CN%3Bcompression%2C16.0.0%2CN%3Bblog%2C17.5.5%2CN%3Bbitrix.siteinfoportal%2C15.5.0%2CN%3Bsocialservices%2C17.1.5%2CN%3Bsearch%2C17.0.1%2CN%3Bphotogallery%2C17.0.2%2CN%3Bscale%2C17.0.0%2CN%3Bvote%2C17.5.0%2CN%3Bhighloadblock%2C17.0.2%2CN%3Bsubscribe%2C17.0.1%2CN%3Bbitrixcloud%2C17.0.1%2CN%3Bmobileapp%2C17.0.1%2CN%3Bb24connector%2C17.0.1%2CN%3Bclouds%2C17.0.1%2CN%3Bforum%2C17.5.1%2CN%3Bperfmon%2C17.0.0%2CN%3Bform%2C17.0.1%2CN%3Bfileman%2C17.5.2%2CN&reqm=bitrix.sitecorporate%2Cbitrix.sitepersonal%2Cbitrix.siteinfoportal&SUPD_SRS=RU&SUPD_CMP=N
2017-10-20 14:11:39 -  - exec CUpdateClientPartner::GetHTTPPage
2017-10-20 14:11:39 -  - TIME GetUpdatesList(request) 0.227 sec
2017-10-20 14:11:39 -  - exec CUpdateClientPartner::ParseServerData
2018-03-21 10:50:13 -  - exec CUpdateClientPartner::GetUpdatesList
2018-03-21 10:50:13 -  - exec CUpdateClientPartner::__CollectRequestData
2018-03-21 10:50:13 -  - utf=Y&lang=ru&stable=Y&CANGZIP=Y&SUPD_DBS=MYSQL&XE=N&CLIENT_SITE=www.tulatoz.ru&LICENSE_KEY=X&SUPD_STS=2&SUPD_URS=0&SUPD_URSA=2&TYPENC=E&CLIENT_PHPVER=5.6.31&NGINX=Y&dbv=5.6.25&instm=main%2C17.0.15%2CN%3Bbitrix.sitecorporate%2C15.5.0%2CN%3Bsecurity%2C17.0.1%2CN%3Btranslate%2C15.5.0%2CN%3Biblock%2C17.0.11%2CN%3Bbitrix.sitepersonal%2C15.5.0%2CN%3Bseo%2C17.1.1%2CN%3Bcompression%2C16.0.0%2CN%3Bblog%2C17.5.5%2CN%3Bbitrix.siteinfoportal%2C15.5.0%2CN%3Bsocialservices%2C17.1.5%2CN%3Bsearch%2C17.0.1%2CN%3Bphotogallery%2C17.0.2%2CN%3Bscale%2C17.0.0%2CN%3Bvote%2C17.5.0%2CN%3Bhighloadblock%2C17.0.2%2CN%3Bsubscribe%2C17.0.1%2CN%3Bbitrixcloud%2C17.0.1%2CN%3Bmobileapp%2C17.0.1%2CN%3Bb24connector%2C17.0.1%2CN%3Bclouds%2C17.0.1%2CN%3Bforum%2C17.5.1%2CN%3Bperfmon%2C17.0.0%2CN%3Bform%2C17.0.1%2CN%3Bfileman%2C17.5.2%2CN&reqm=bitrix.sitecorporate%2Cbitrix.sitepersonal%2Cbitrix.siteinfoportal&SUPD_SRS=RU&SUPD_CMP=N
2018-03-21 10:50:13 -  - exec CUpdateClientPartner::GetHTTPPage
2018-03-21 10:50:13 -  - TIME GetUpdatesList(request) 0.319 sec
2018-03-21 10:50:13 -  - exec CUpdateClientPartner::ParseServerData
2018-03-21 10:50:27 -  - exec CUpdateClientPartner::GetUpdatesList
2018-03-21 10:50:27 -  - exec CUpdateClientPartner::__CollectRequestData
2018-03-21 10:50:27 -  - utf=Y&lang=ru&stable=Y&CANGZIP=Y&SUPD_DBS=MYSQL&XE=N&CLIENT_SITE=www.tulatoz.ru&LICENSE_KEY=X&SUPD_STS=2&SUPD_URS=0&SUPD_URSA=2&TYPENC=E&CLIENT_PHPVER=5.6.31&NGINX=Y&dbv=5.6.25&instm=main%2C17.0.15%2CN%3Bbitrix.sitecorporate%2C15.5.0%2CN%3Bsecurity%2C17.0.1%2CN%3Btranslate%2C15.5.0%2CN%3Biblock%2C17.0.11%2CN%3Bbitrix.sitepersonal%2C15.5.0%2CN%3Bseo%2C17.1.1%2CN%3Bcompression%2C16.0.0%2CN%3Bblog%2C17.5.5%2CN%3Bbitrix.siteinfoportal%2C15.5.0%2CN%3Bsocialservices%2C17.1.5%2CN%3Bsearch%2C17.0.1%2CN%3Bphotogallery%2C17.0.2%2CN%3Bscale%2C17.0.0%2CN%3Bvote%2C17.5.0%2CN%3Bhighloadblock%2C17.0.2%2CN%3Bsubscribe%2C17.0.1%2CN%3Bbitrixcloud%2C17.0.1%2CN%3Bmobileapp%2C17.0.1%2CN%3Bb24connector%2C17.0.1%2CN%3Bclouds%2C17.0.1%2CN%3Bforum%2C17.5.1%2CN%3Bperfmon%2C17.0.0%2CN%3Bform%2C17.0.1%2CN%3Bfileman%2C17.5.2%2CN&reqm=bitrix.sitecorporate%2Cbitrix.sitepersonal%2Cbitrix.siteinfoportal&fullmoduleinfo=Y&SUPD_SRS=RU&SUPD_CMP=N
2018-03-21 10:50:27 -  - exec CUpdateClientPartner::GetHTTPPage
2018-03-21 10:50:27 -  - TIME GetUpdatesList(request) 0.301 sec
2018-03-21 10:50:27 -  - exec CUpdateClientPartner::ParseServerData
2018-09-20 18:16:10 -  - exec CUpdateClientPartner::GetUpdatesList
2018-09-20 18:16:10 -  - exec CUpdateClientPartner::__CollectRequestData
2018-09-20 18:16:10 -  - utf=Y&lang=ru&stable=Y&CANGZIP=Y&SUPD_DBS=MYSQL&XE=N&CLIENT_SITE=www.tulatoz.ru&LICENSE_KEY=X&SUPD_STS=2&SUPD_URS=0&SUPD_URSA=3&TYPENC=E&CLIENT_PHPVER=5.6.31&NGINX=Y&dbv=5.6.25&instm=main%2C17.0.15%2CN%3Bbitrix.sitecorporate%2C15.5.0%2CN%3Bsecurity%2C17.0.1%2CN%3Btranslate%2C15.5.0%2CN%3Biblock%2C17.0.11%2CN%3Bbitrix.sitepersonal%2C15.5.0%2CN%3Bseo%2C17.1.1%2CN%3Bcompression%2C16.0.0%2CN%3Bblog%2C17.5.5%2CN%3Bbitrix.siteinfoportal%2C15.5.0%2CN%3Bsocialservices%2C17.1.5%2CN%3Bsearch%2C17.0.1%2CN%3Bphotogallery%2C17.0.2%2CN%3Bscale%2C17.0.0%2CN%3Bvote%2C17.5.0%2CN%3Bhighloadblock%2C17.0.2%2CN%3Bsubscribe%2C17.0.1%2CN%3Bbitrixcloud%2C17.0.1%2CN%3Bmobileapp%2C17.0.1%2CN%3Bb24connector%2C17.0.1%2CN%3Bclouds%2C17.0.1%2CN%3Bforum%2C17.5.1%2CN%3Bperfmon%2C17.0.0%2CN%3Bform%2C17.0.1%2CN%3Bfileman%2C17.5.2%2CN&reqm=bitrix.sitecorporate%2Cbitrix.sitepersonal%2Cbitrix.siteinfoportal&fullmoduleinfo=Y&SUPD_SRS=RU&SUPD_CMP=N
2018-09-20 18:16:10 -  - exec CUpdateClientPartner::GetHTTPPage
2018-09-20 18:16:10 -  - TIME GetUpdatesList(request) 0.271 sec
2018-09-20 18:16:10 -  - exec CUpdateClientPartner::ParseServerData
2018-09-20 18:18:03 -  - exec CUpdateClientPartner::GetUpdatesList
2018-09-20 18:18:03 -  - exec CUpdateClientPartner::__CollectRequestData
2018-09-20 18:18:03 -  - utf=Y&lang=ru&stable=Y&CANGZIP=Y&SUPD_DBS=MYSQL&XE=N&CLIENT_SITE=www.tulatoz.ru&LICENSE_KEY=X&SUPD_STS=2&SUPD_URS=0&SUPD_URSA=3&TYPENC=E&CLIENT_PHPVER=5.6.31&NGINX=Y&dbv=5.6.25&instm=main%2C17.0.15%2CN%3Bbitrix.sitecorporate%2C15.5.0%2CN%3Bsecurity%2C17.0.1%2CN%3Btranslate%2C15.5.0%2CN%3Biblock%2C17.0.11%2CN%3Bbitrix.sitepersonal%2C15.5.0%2CN%3Bseo%2C17.1.1%2CN%3Bcompression%2C16.0.0%2CN%3Bblog%2C17.5.5%2CN%3Bbitrix.siteinfoportal%2C15.5.0%2CN%3Bsocialservices%2C17.1.5%2CN%3Bsearch%2C17.0.1%2CN%3Bphotogallery%2C17.0.2%2CN%3Bscale%2C17.0.0%2CN%3Bvote%2C17.5.0%2CN%3Bhighloadblock%2C17.0.2%2CN%3Bsubscribe%2C17.0.1%2CN%3Bbitrixcloud%2C17.0.1%2CN%3Bmobileapp%2C17.0.1%2CN%3Bb24connector%2C17.0.1%2CN%3Bclouds%2C17.0.1%2CN%3Bforum%2C17.5.1%2CN%3Bperfmon%2C17.0.0%2CN%3Bform%2C17.0.1%2CN%3Bfileman%2C17.5.2%2CN&reqm=bitrix.sitecorporate%2Cbitrix.sitepersonal%2Cbitrix.siteinfoportal%2Cexabit.scrollup&SUPD_SRS=RU&SUPD_CMP=N
2018-09-20 18:18:03 -  - exec CUpdateClientPartner::GetHTTPPage
2018-09-20 18:18:03 -  - TIME GetUpdatesList(request) 0.367 sec
2018-09-20 18:18:03 -  - exec CUpdateClientPartner::ParseServerData
2018-09-20 18:19:40 -  - exec CUpdateClientPartner::LoadModulesUpdates
2018-09-20 18:19:40 -  - exec CUpdateClientPartner::__CollectRequestData
2018-09-20 18:19:40 -  - utf=Y&lang=ru&stable=Y&CANGZIP=Y&SUPD_DBS=MYSQL&XE=N&CLIENT_SITE=www.tulatoz.ru&LICENSE_KEY=X&SUPD_STS=2&SUPD_URS=0&SUPD_URSA=3&TYPENC=E&CLIENT_PHPVER=5.6.31&NGINX=Y&dbv=5.6.25&instm=main%2C17.0.15%2CN%3Bbitrix.sitecorporate%2C15.5.0%2CN%3Bsecurity%2C17.0.1%2CN%3Btranslate%2C15.5.0%2CN%3Biblock%2C17.0.11%2CN%3Bbitrix.sitepersonal%2C15.5.0%2CN%3Bseo%2C17.1.1%2CN%3Bcompression%2C16.0.0%2CN%3Bblog%2C17.5.5%2CN%3Bbitrix.siteinfoportal%2C15.5.0%2CN%3Bsocialservices%2C17.1.5%2CN%3Bsearch%2C17.0.1%2CN%3Bphotogallery%2C17.0.2%2CN%3Bscale%2C17.0.0%2CN%3Bvote%2C17.5.0%2CN%3Bhighloadblock%2C17.0.2%2CN%3Bsubscribe%2C17.0.1%2CN%3Bbitrixcloud%2C17.0.1%2CN%3Bmobileapp%2C17.0.1%2CN%3Bb24connector%2C17.0.1%2CN%3Bclouds%2C17.0.1%2CN%3Bforum%2C17.5.1%2CN%3Bperfmon%2C17.0.0%2CN%3Bform%2C17.0.1%2CN%3Bfileman%2C17.5.2%2CN&reqm=exabit.scrollup&lim=Y&SUPD_SRS=RU&SUPD_CMP=N
2018-09-20 18:19:40 -  - exec CUpdateClientPartner::GetHTTPPage
2018-09-20 18:19:40 -  - TIME LoadModulesUpdates(request) 0.283 sec
2018-09-20 18:19:40 -  - exec CUpdateClientPartner::ParseServerData
2018-09-20 18:19:40 - S - STEP
2018-09-20 18:19:40 - LMU01 - LoadModulesUpdates-Step
2018-09-20 18:19:40 -  - exec CUpdateClientPartner::LoadModulesUpdates
2018-09-20 18:19:40 -  - exec CUpdateClientPartner::ParseServerData
2018-09-20 18:19:40 -  - loadFile
2018-09-20 18:19:40 - U - RETURN
2018-09-20 18:19:40 -  - exec CUpdateClientPartner::UnGzipArchive
2018-09-20 18:19:40 -  - TIME UnGzipArchive 0.005 sec
2018-09-20 18:19:40 -  - TIME UpdateStepModules 0.009 sec
2018-09-20 18:19:40 - UPD_SUCCESS - Updated: exabit.scrollup
2018-09-20 18:19:40 -  - exec CUpdateClientPartner::LoadModulesUpdates
2018-09-20 18:19:40 -  - exec CUpdateClientPartner::__CollectRequestData
2018-09-20 18:19:40 -  - utf=Y&lang=ru&stable=Y&CANGZIP=Y&SUPD_DBS=MYSQL&XE=N&CLIENT_SITE=www.tulatoz.ru&LICENSE_KEY=X&SUPD_STS=2&SUPD_URS=0&SUPD_URSA=3&TYPENC=E&CLIENT_PHPVER=5.6.31&NGINX=Y&dbv=5.6.25&instm=main%2C17.0.15%2CN%3Bbitrix.sitecorporate%2C15.5.0%2CN%3Bsecurity%2C17.0.1%2CN%3Btranslate%2C15.5.0%2CN%3Biblock%2C17.0.11%2CN%3Bbitrix.sitepersonal%2C15.5.0%2CN%3Bseo%2C17.1.1%2CN%3Bcompression%2C16.0.0%2CN%3Bblog%2C17.5.5%2CN%3Bbitrix.siteinfoportal%2C15.5.0%2CN%3Bsocialservices%2C17.1.5%2CN%3Bsearch%2C17.0.1%2CN%3Bphotogallery%2C17.0.2%2CN%3Bscale%2C17.0.0%2CN%3Bvote%2C17.5.0%2CN%3Bhighloadblock%2C17.0.2%2CN%3Bsubscribe%2C17.0.1%2CN%3Bbitrixcloud%2C17.0.1%2CN%3Bmobileapp%2C17.0.1%2CN%3Bb24connector%2C17.0.1%2CN%3Bclouds%2C17.0.1%2CN%3Bforum%2C17.5.1%2CN%3Bperfmon%2C17.0.0%2CN%3Bform%2C17.0.1%2CN%3Bfileman%2C17.5.2%2CN%3Bexabit.scrollup%2C1.0.0%2CN&reqm=exabit.scrollup&lim=Y&SUPD_SRS=RU&SUPD_CMP=N
2018-09-20 18:19:40 -  - exec CUpdateClientPartner::GetHTTPPage
2018-09-20 18:19:41 -  - TIME LoadModulesUpdates(request) 0.274 sec
2018-09-20 18:19:41 -  - exec CUpdateClientPartner::ParseServerData
2018-09-20 18:19:41 - STEP - Finish - NOUPDATES
2018-09-20 18:19:41 - STEP - Finish - NOUPDATES
2018-09-20 18:19:43 -  - exec CUpdateClientPartner::GetUpdatesList
2018-09-20 18:19:43 -  - exec CUpdateClientPartner::__CollectRequestData
2018-09-20 18:19:43 -  - utf=Y&lang=ru&stable=Y&CANGZIP=Y&SUPD_DBS=MYSQL&XE=N&CLIENT_SITE=www.tulatoz.ru&LICENSE_KEY=X&SUPD_STS=2&SUPD_URS=0&SUPD_URSA=3&TYPENC=E&CLIENT_PHPVER=5.6.31&NGINX=Y&dbv=5.6.25&instm=main%2C17.0.15%2CN%3Bbitrix.sitecorporate%2C15.5.0%2CN%3Bsecurity%2C17.0.1%2CN%3Btranslate%2C15.5.0%2CN%3Biblock%2C17.0.11%2CN%3Bbitrix.sitepersonal%2C15.5.0%2CN%3Bseo%2C17.1.1%2CN%3Bcompression%2C16.0.0%2CN%3Bblog%2C17.5.5%2CN%3Bbitrix.siteinfoportal%2C15.5.0%2CN%3Bsocialservices%2C17.1.5%2CN%3Bsearch%2C17.0.1%2CN%3Bphotogallery%2C17.0.2%2CN%3Bscale%2C17.0.0%2CN%3Bvote%2C17.5.0%2CN%3Bhighloadblock%2C17.0.2%2CN%3Bsubscribe%2C17.0.1%2CN%3Bbitrixcloud%2C17.0.1%2CN%3Bmobileapp%2C17.0.1%2CN%3Bb24connector%2C17.0.1%2CN%3Bclouds%2C17.0.1%2CN%3Bforum%2C17.5.1%2CN%3Bperfmon%2C17.0.0%2CN%3Bform%2C17.0.1%2CN%3Bfileman%2C17.5.2%2CN%3Bexabit.scrollup%2C1.0.0%2CN&reqm=bitrix.sitecorporate%2Cbitrix.sitepersonal%2Cbitrix.siteinfoportal%2Cexabit.scrollup&fullmoduleinfo=Y&SUPD_SRS=RU&SUPD_CMP=N
2018-09-20 18:19:43 -  - exec CUpdateClientPartner::GetHTTPPage
2018-09-20 18:19:43 -  - TIME GetUpdatesList(request) 0.316 sec
2018-09-20 18:19:43 -  - exec CUpdateClientPartner::ParseServerData
2018-10-18 15:33:47 -  - exec CUpdateClientPartner::GetUpdatesList
2018-10-18 15:33:47 -  - exec CUpdateClientPartner::__CollectRequestData
2018-10-18 15:33:47 -  - utf=Y&lang=ru&stable=Y&CANGZIP=Y&SUPD_DBS=MYSQL&XE=N&CLIENT_SITE=www.tulatoz.ru&LICENSE_KEY=X&SUPD_STS=2&SUPD_URS=0&SUPD_URSA=3&TYPENC=E&CLIENT_PHPVER=5.6.31&NGINX=Y&dbv=5.6.25&instm=main%2C17.0.15%2CN%3Bbitrix.sitecorporate%2C15.5.0%2CN%3Bsecurity%2C17.0.1%2CN%3Btranslate%2C15.5.0%2CN%3Biblock%2C17.0.11%2CN%3Bbitrix.sitepersonal%2C15.5.0%2CN%3Bseo%2C17.1.1%2CN%3Bcompression%2C16.0.0%2CN%3Bblog%2C17.5.5%2CN%3Bbitrix.siteinfoportal%2C15.5.0%2CN%3Bsocialservices%2C17.1.5%2CN%3Bsearch%2C17.0.1%2CN%3Bphotogallery%2C17.0.2%2CN%3Bscale%2C17.0.0%2CN%3Bvote%2C17.5.0%2CN%3Bhighloadblock%2C17.0.2%2CN%3Bsubscribe%2C17.0.1%2CN%3Bbitrixcloud%2C17.0.1%2CN%3Bmobileapp%2C17.0.1%2CN%3Bb24connector%2C17.0.1%2CN%3Bclouds%2C17.0.1%2CN%3Bforum%2C17.5.1%2CN%3Bperfmon%2C17.0.0%2CN%3Bform%2C17.0.1%2CN%3Bfileman%2C17.5.2%2CN%3Bexabit.scrollup%2C1.0.0%2CN&reqm=bitrix.sitecorporate%2Cbitrix.sitepersonal%2Cbitrix.siteinfoportal%2Cexabit.scrollup&SUPD_SRS=RU&SUPD_CMP=N
2018-10-18 15:33:47 -  - exec CUpdateClientPartner::GetHTTPPage
2018-10-18 15:33:48 -  - TIME GetUpdatesList(request) 0.33 sec
2018-10-18 15:33:48 -  - exec CUpdateClientPartner::ParseServerData
2018-10-18 15:33:54 -  - exec CUpdateClientPartner::GetUpdatesList
2018-10-18 15:33:54 -  - exec CUpdateClientPartner::__CollectRequestData
2018-10-18 15:33:54 -  - utf=Y&lang=ru&stable=Y&CANGZIP=Y&SUPD_DBS=MYSQL&XE=N&CLIENT_SITE=www.tulatoz.ru&LICENSE_KEY=X&SUPD_STS=2&SUPD_URS=0&SUPD_URSA=3&TYPENC=E&CLIENT_PHPVER=5.6.31&NGINX=Y&dbv=5.6.25&instm=main%2C17.0.15%2CN%3Bbitrix.sitecorporate%2C15.5.0%2CN%3Bsecurity%2C17.0.1%2CN%3Btranslate%2C15.5.0%2CN%3Biblock%2C17.0.11%2CN%3Bbitrix.sitepersonal%2C15.5.0%2CN%3Bseo%2C17.1.1%2CN%3Bcompression%2C16.0.0%2CN%3Bblog%2C17.5.5%2CN%3Bbitrix.siteinfoportal%2C15.5.0%2CN%3Bsocialservices%2C17.1.5%2CN%3Bsearch%2C17.0.1%2CN%3Bphotogallery%2C17.0.2%2CN%3Bscale%2C17.0.0%2CN%3Bvote%2C17.5.0%2CN%3Bhighloadblock%2C17.0.2%2CN%3Bsubscribe%2C17.0.1%2CN%3Bbitrixcloud%2C17.0.1%2CN%3Bmobileapp%2C17.0.1%2CN%3Bb24connector%2C17.0.1%2CN%3Bclouds%2C17.0.1%2CN%3Bforum%2C17.5.1%2CN%3Bperfmon%2C17.0.0%2CN%3Bform%2C17.0.1%2CN%3Bfileman%2C17.5.2%2CN%3Bexabit.scrollup%2C1.0.0%2CN&reqm=bitrix.sitecorporate%2Cbitrix.sitepersonal%2Cbitrix.siteinfoportal%2Cexabit.scrollup&fullmoduleinfo=Y&SUPD_SRS=RU&SUPD_CMP=N
2018-10-18 15:33:54 -  - exec CUpdateClientPartner::GetHTTPPage
2018-10-18 15:33:54 -  - TIME GetUpdatesList(request) 0.306 sec
2018-10-18 15:33:54 -  - exec CUpdateClientPartner::ParseServerData
2018-11-20 11:56:47 -  - exec CUpdateClientPartner::GetUpdatesList
2018-11-20 11:56:47 -  - exec CUpdateClientPartner::__CollectRequestData
2018-11-20 11:56:47 -  - utf=Y&lang=ru&stable=Y&CANGZIP=Y&SUPD_DBS=MYSQL&XE=N&CLIENT_SITE=www.tulatoz.ru&LICENSE_KEY=X&SUPD_STS=2&SUPD_URS=0&SUPD_URSA=3&TYPENC=E&CLIENT_PHPVER=5.6.31&NGINX=Y&dbv=5.6.25&instm=main%2C17.0.15%2CN%3Bbitrix.sitecorporate%2C15.5.0%2CN%3Bsecurity%2C17.0.1%2CN%3Btranslate%2C15.5.0%2CN%3Biblock%2C17.0.11%2CN%3Bbitrix.sitepersonal%2C15.5.0%2CN%3Bseo%2C17.1.1%2CN%3Bcompression%2C16.0.0%2CN%3Bblog%2C17.5.5%2CN%3Bbitrix.siteinfoportal%2C15.5.0%2CN%3Bsocialservices%2C17.1.5%2CN%3Bsearch%2C17.0.1%2CN%3Bphotogallery%2C17.0.2%2CN%3Bscale%2C17.0.0%2CN%3Bvote%2C17.5.0%2CN%3Bhighloadblock%2C17.0.2%2CN%3Bsubscribe%2C17.0.1%2CN%3Bbitrixcloud%2C17.0.1%2CN%3Bmobileapp%2C17.0.1%2CN%3Bb24connector%2C17.0.1%2CN%3Bclouds%2C17.0.1%2CN%3Bforum%2C17.5.1%2CN%3Bperfmon%2C17.0.0%2CN%3Bform%2C17.0.1%2CN%3Bfileman%2C17.5.2%2CN%3Bexabit.scrollup%2C1.0.0%2CN&reqm=bitrix.sitecorporate%2Cbitrix.sitepersonal%2Cbitrix.siteinfoportal%2Cexabit.scrollup&fullmoduleinfo=Y&SUPD_SRS=RU&SUPD_CMP=N
2018-11-20 11:56:47 -  - exec CUpdateClientPartner::GetHTTPPage
2018-11-20 11:56:47 -  - TIME GetUpdatesList(request) 0.412 sec
2018-11-20 11:56:47 -  - exec CUpdateClientPartner::ParseServerData
2020-04-02 15:22:11 -  - exec CUpdateClientPartner::GetUpdatesList
2020-04-02 15:22:11 -  - exec CUpdateClientPartner::__CollectRequestData
2020-04-02 15:22:11 -  - utf=Y&lang=ru&stable=Y&CANGZIP=Y&SUPD_DBS=MYSQL&XE=N&CLIENT_SITE=www.tulatoz.ru&LICENSE_KEY=X&SUPD_STS=2&SUPD_URS=0&SUPD_URSA=9&TYPENC=E&CLIENT_PHPVER=7.0.33&NGINX=Y&dbv=5.6.41&instm=main%2C18.1.3%2CN%3Bbitrix.sitecorporate%2C15.5.0%2CN%3Bsecurity%2C18.5.0%2CN%3Btranslate%2C16.5.0%2CN%3Biblock%2C18.5.4%2CN%3Bbitrix.sitepersonal%2C15.5.0%2CN%3Bseo%2C18.5.0%2CN%3Bcompression%2C16.0.0%2CN%3Bblog%2C18.1.0%2CN%3Bbitrix.siteinfoportal%2C15.5.0%2CN%3Bsocialservices%2C18.0.3%2CN%3Bsearch%2C18.5.0%2CN%3Bphotogallery%2C18.0.0%2CN%3Bscale%2C17.5.0%2CN%3Bvote%2C17.5.1%2CN%3Bhighloadblock%2C18.5.0%2CN%3Bsubscribe%2C18.5.0%2CN%3Bbitrixcloud%2C18.5.0%2CN%3Bmobileapp%2C18.0.2%2CN%3Bb24connector%2C18.0.0%2CN%3Bclouds%2C18.0.0%2CN%3Bforum%2C18.0.3%2CN%3Bperfmon%2C18.5.0%2CN%3Bform%2C18.0.0%2CN%3Bfileman%2C18.0.4%2CN%3Bexabit.scrollup%2C1.0.0%2CN%3Brest%2C18.5.2%2CN%3Bmessageservice%2C18.0.0%2CN%3Bui%2C18.0.1%2CN%3Blanding%2C18.5.7%2CN%3Bhardkod.turboyandex%2C1.0.5%2CN&reqm=bitrix.sitecorporate%2Cbitrix.sitepersonal%2Cbitrix.siteinfoportal%2Cexabit.scrollup%2Chardkod.turboyandex%2Chardkod.turboyandex&SUPD_SRS=RU&SUPD_CMP=N
2020-04-02 15:22:11 -  - exec CUpdateClientPartner::GetHTTPPage
2020-04-02 15:22:11 -  - TIME GetUpdatesList(request) 0.303 sec
2020-04-02 15:22:11 -  - exec CUpdateClientPartner::ParseServerData
2020-04-02 15:23:05 -  - exec CUpdateClientPartner::GetUpdatesList
2020-04-02 15:23:05 -  - exec CUpdateClientPartner::__CollectRequestData
2020-04-02 15:23:06 -  - utf=Y&lang=ru&stable=Y&CANGZIP=Y&SUPD_DBS=MYSQL&XE=N&CLIENT_SITE=www.tulatoz.ru&LICENSE_KEY=X&SUPD_STS=2&SUPD_URS=0&SUPD_URSA=9&TYPENC=E&CLIENT_PHPVER=7.0.33&NGINX=Y&dbv=5.6.41&instm=main%2C18.1.3%2CN%3Bbitrix.sitecorporate%2C15.5.0%2CN%3Bsecurity%2C18.5.0%2CN%3Btranslate%2C16.5.0%2CN%3Biblock%2C18.5.4%2CN%3Bbitrix.sitepersonal%2C15.5.0%2CN%3Bseo%2C18.5.0%2CN%3Bcompression%2C16.0.0%2CN%3Bblog%2C18.1.0%2CN%3Bbitrix.siteinfoportal%2C15.5.0%2CN%3Bsocialservices%2C18.0.3%2CN%3Bsearch%2C18.5.0%2CN%3Bphotogallery%2C18.0.0%2CN%3Bscale%2C17.5.0%2CN%3Bvote%2C17.5.1%2CN%3Bhighloadblock%2C18.5.0%2CN%3Bsubscribe%2C18.5.0%2CN%3Bbitrixcloud%2C18.5.0%2CN%3Bmobileapp%2C18.0.2%2CN%3Bb24connector%2C18.0.0%2CN%3Bclouds%2C18.0.0%2CN%3Bforum%2C18.0.3%2CN%3Bperfmon%2C18.5.0%2CN%3Bform%2C18.0.0%2CN%3Bfileman%2C18.0.4%2CN%3Bexabit.scrollup%2C1.0.0%2CN%3Brest%2C18.5.2%2CN%3Bmessageservice%2C18.0.0%2CN%3Bui%2C18.0.1%2CN%3Blanding%2C18.5.7%2CN&reqm=bitrix.sitecorporate%2Cbitrix.sitepersonal%2Cbitrix.siteinfoportal%2Cexabit.scrollup%2Chardkod.turboyandex&SUPD_SRS=RU&SUPD_CMP=N
2020-04-02 15:23:06 -  - exec CUpdateClientPartner::GetHTTPPage
2020-04-02 15:23:06 -  - TIME GetUpdatesList(request) 0.478 sec
2020-04-02 15:23:06 -  - exec CUpdateClientPartner::ParseServerData
2020-04-02 15:23:41 -  - exec CUpdateClientPartner::GetUpdatesList
2020-04-02 15:23:41 -  - exec CUpdateClientPartner::__CollectRequestData
2020-04-02 15:23:41 -  - utf=Y&lang=ru&stable=Y&CANGZIP=Y&SUPD_DBS=MYSQL&XE=N&CLIENT_SITE=www.tulatoz.ru&LICENSE_KEY=X&SUPD_STS=2&SUPD_URS=0&SUPD_URSA=9&TYPENC=E&CLIENT_PHPVER=7.0.33&NGINX=Y&dbv=5.6.41&instm=main%2C18.1.3%2CN%3Bbitrix.sitecorporate%2C15.5.0%2CN%3Bsecurity%2C18.5.0%2CN%3Btranslate%2C16.5.0%2CN%3Biblock%2C18.5.4%2CN%3Bbitrix.sitepersonal%2C15.5.0%2CN%3Bseo%2C18.5.0%2CN%3Bcompression%2C16.0.0%2CN%3Bblog%2C18.1.0%2CN%3Bbitrix.siteinfoportal%2C15.5.0%2CN%3Bsocialservices%2C18.0.3%2CN%3Bsearch%2C18.5.0%2CN%3Bphotogallery%2C18.0.0%2CN%3Bscale%2C17.5.0%2CN%3Bvote%2C17.5.1%2CN%3Bhighloadblock%2C18.5.0%2CN%3Bsubscribe%2C18.5.0%2CN%3Bbitrixcloud%2C18.5.0%2CN%3Bmobileapp%2C18.0.2%2CN%3Bb24connector%2C18.0.0%2CN%3Bclouds%2C18.0.0%2CN%3Bforum%2C18.0.3%2CN%3Bperfmon%2C18.5.0%2CN%3Bform%2C18.0.0%2CN%3Bfileman%2C18.0.4%2CN%3Bexabit.scrollup%2C1.0.0%2CN%3Brest%2C18.5.2%2CN%3Bmessageservice%2C18.0.0%2CN%3Bui%2C18.0.1%2CN%3Blanding%2C18.5.7%2CN%3Bhardkod.turboyandex%2C1.0.5%2CN&reqm=bitrix.sitecorporate%2Cbitrix.sitepersonal%2Cbitrix.siteinfoportal%2Cexabit.scrollup%2Chardkod.turboyandex%2Chardkod.turboyandex&SUPD_SRS=RU&SUPD_CMP=N
2020-04-02 15:23:41 -  - exec CUpdateClientPartner::GetHTTPPage
2020-04-02 15:23:42 -  - TIME GetUpdatesList(request) 0.282 sec
2020-04-02 15:23:42 -  - exec CUpdateClientPartner::ParseServerData
2020-04-02 15:24:03 -  - exec CUpdateClientPartner::LoadModulesUpdates
2020-04-02 15:24:03 -  - exec CUpdateClientPartner::__CollectRequestData
2020-04-02 15:24:03 -  - utf=Y&lang=ru&stable=Y&CANGZIP=Y&SUPD_DBS=MYSQL&XE=N&CLIENT_SITE=www.tulatoz.ru&LICENSE_KEY=X&SUPD_STS=2&SUPD_URS=0&SUPD_URSA=9&TYPENC=E&CLIENT_PHPVER=7.0.33&NGINX=Y&dbv=5.6.41&instm=main%2C18.1.3%2CN%3Bbitrix.sitecorporate%2C15.5.0%2CN%3Bsecurity%2C18.5.0%2CN%3Btranslate%2C16.5.0%2CN%3Biblock%2C18.5.4%2CN%3Bbitrix.sitepersonal%2C15.5.0%2CN%3Bseo%2C18.5.0%2CN%3Bcompression%2C16.0.0%2CN%3Bblog%2C18.1.0%2CN%3Bbitrix.siteinfoportal%2C15.5.0%2CN%3Bsocialservices%2C18.0.3%2CN%3Bsearch%2C18.5.0%2CN%3Bphotogallery%2C18.0.0%2CN%3Bscale%2C17.5.0%2CN%3Bvote%2C17.5.1%2CN%3Bhighloadblock%2C18.5.0%2CN%3Bsubscribe%2C18.5.0%2CN%3Bbitrixcloud%2C18.5.0%2CN%3Bmobileapp%2C18.0.2%2CN%3Bb24connector%2C18.0.0%2CN%3Bclouds%2C18.0.0%2CN%3Bforum%2C18.0.3%2CN%3Bperfmon%2C18.5.0%2CN%3Bform%2C18.0.0%2CN%3Bfileman%2C18.0.4%2CN%3Bexabit.scrollup%2C1.0.0%2CN%3Brest%2C18.5.2%2CN%3Bmessageservice%2C18.0.0%2CN%3Bui%2C18.0.1%2CN%3Blanding%2C18.5.7%2CN%3Bhardkod.turboyandex%2C1.0.5%2CN&reqm=bitrix.sitecorporate%2Cbitrix.sitepersonal%2Cbitrix.siteinfoportal%2Cexabit.scrollup%2Chardkod.turboyandex&SUPD_SRS=RU&SUPD_CMP=N
2020-04-02 15:24:03 -  - exec CUpdateClientPartner::GetHTTPPage
2020-04-02 15:24:06 -  - TIME LoadModulesUpdates(request) 3.447 sec
2020-04-02 15:24:06 -  - exec CUpdateClientPartner::ParseServerData
2020-04-02 15:24:06 - STEP - Finish - NOUPDATES
2020-04-02 15:24:06 - STEP - Finish - NOUPDATES
2020-04-03 08:19:04 -  - exec CUpdateClientPartner::GetUpdatesList
2020-04-03 08:19:04 -  - exec CUpdateClientPartner::__CollectRequestData
2020-04-03 08:19:04 -  - utf=Y&lang=ru&stable=Y&CANGZIP=Y&SUPD_DBS=MYSQL&XE=N&CLIENT_SITE=www.tulatoz.ru&LICENSE_KEY=X&SUPD_STS=2&SUPD_URS=0&SUPD_URSA=9&TYPENC=E&CLIENT_PHPVER=7.0.33&NGINX=Y&dbv=5.6.41&instm=main%2C18.1.3%2CN%3Bbitrix.sitecorporate%2C15.5.0%2CN%3Bsecurity%2C18.5.0%2CN%3Btranslate%2C16.5.0%2CN%3Biblock%2C18.5.4%2CN%3Bbitrix.sitepersonal%2C15.5.0%2CN%3Bseo%2C18.5.0%2CN%3Bcompression%2C16.0.0%2CN%3Bblog%2C18.1.0%2CN%3Bbitrix.siteinfoportal%2C15.5.0%2CN%3Bsocialservices%2C18.0.3%2CN%3Bsearch%2C18.5.0%2CN%3Bphotogallery%2C18.0.0%2CN%3Bscale%2C17.5.0%2CN%3Bvote%2C17.5.1%2CN%3Bhighloadblock%2C18.5.0%2CN%3Bsubscribe%2C18.5.0%2CN%3Bbitrixcloud%2C18.5.0%2CN%3Bmobileapp%2C18.0.2%2CN%3Bb24connector%2C18.0.0%2CN%3Bclouds%2C18.0.0%2CN%3Bforum%2C18.0.3%2CN%3Bperfmon%2C18.5.0%2CN%3Bform%2C18.0.0%2CN%3Bfileman%2C18.0.4%2CN%3Bexabit.scrollup%2C1.0.0%2CN%3Brest%2C18.5.2%2CN%3Bmessageservice%2C18.0.0%2CN%3Bui%2C18.0.1%2CN%3Blanding%2C18.5.7%2CN&reqm=bitrix.sitecorporate%2Cbitrix.sitepersonal%2Cbitrix.siteinfoportal%2Cexabit.scrollup&fullmoduleinfo=Y&SUPD_SRS=RU&SUPD_CMP=N
2020-04-03 08:19:04 -  - exec CUpdateClientPartner::GetHTTPPage
2020-04-03 08:19:04 -  - TIME GetUpdatesList(request) 0.453 sec
2020-04-03 08:19:04 -  - exec CUpdateClientPartner::ParseServerData
2020-04-03 08:20:25 -  - exec CUpdateClientPartner::GetUpdatesList
2020-04-03 08:20:25 -  - exec CUpdateClientPartner::__CollectRequestData
2020-04-03 08:20:25 -  - utf=Y&lang=ru&stable=Y&CANGZIP=Y&SUPD_DBS=MYSQL&XE=N&CLIENT_SITE=www.tulatoz.ru&LICENSE_KEY=X&SUPD_STS=2&SUPD_URS=0&SUPD_URSA=9&TYPENC=E&CLIENT_PHPVER=7.0.33&NGINX=Y&dbv=5.6.41&instm=main%2C18.1.3%2CN%3Bbitrix.sitecorporate%2C15.5.0%2CN%3Bsecurity%2C18.5.0%2CN%3Btranslate%2C16.5.0%2CN%3Biblock%2C18.5.4%2CN%3Bbitrix.sitepersonal%2C15.5.0%2CN%3Bseo%2C18.5.0%2CN%3Bcompression%2C16.0.0%2CN%3Bblog%2C18.1.0%2CN%3Bbitrix.siteinfoportal%2C15.5.0%2CN%3Bsocialservices%2C18.0.3%2CN%3Bsearch%2C18.5.0%2CN%3Bphotogallery%2C18.0.0%2CN%3Bscale%2C17.5.0%2CN%3Bvote%2C17.5.1%2CN%3Bhighloadblock%2C18.5.0%2CN%3Bsubscribe%2C18.5.0%2CN%3Bbitrixcloud%2C18.5.0%2CN%3Bmobileapp%2C18.0.2%2CN%3Bb24connector%2C18.0.0%2CN%3Bclouds%2C18.0.0%2CN%3Bforum%2C18.0.3%2CN%3Bperfmon%2C18.5.0%2CN%3Bform%2C18.0.0%2CN%3Bfileman%2C18.0.4%2CN%3Bexabit.scrollup%2C1.0.0%2CN%3Brest%2C18.5.2%2CN%3Bmessageservice%2C18.0.0%2CN%3Bui%2C18.0.1%2CN%3Blanding%2C18.5.7%2CN&reqm=bitrix.sitecorporate%2Cbitrix.sitepersonal%2Cbitrix.siteinfoportal%2Cexabit.scrollup&fullmoduleinfo=Y&SUPD_SRS=RU&SUPD_CMP=N
2020-04-03 08:20:25 -  - exec CUpdateClientPartner::GetHTTPPage
2020-04-03 08:20:25 -  - TIME GetUpdatesList(request) 0.234 sec
2020-04-03 08:20:25 -  - exec CUpdateClientPartner::ParseServerData
2020-04-03 08:21:10 -  - exec CUpdateClientPartner::GetUpdatesList
2020-04-03 08:21:10 -  - exec CUpdateClientPartner::__CollectRequestData
2020-04-03 08:21:10 -  - utf=Y&lang=ru&stable=Y&CANGZIP=Y&SUPD_DBS=MYSQL&XE=N&CLIENT_SITE=www.tulatoz.ru&LICENSE_KEY=X&SUPD_STS=2&SUPD_URS=0&SUPD_URSA=9&TYPENC=E&CLIENT_PHPVER=7.0.33&NGINX=Y&dbv=5.6.41&instm=main%2C18.1.3%2CN%3Bbitrix.sitecorporate%2C15.5.0%2CN%3Bsecurity%2C18.5.0%2CN%3Btranslate%2C16.5.0%2CN%3Biblock%2C18.5.4%2CN%3Bbitrix.sitepersonal%2C15.5.0%2CN%3Bseo%2C18.5.0%2CN%3Bcompression%2C16.0.0%2CN%3Bblog%2C18.1.0%2CN%3Bbitrix.siteinfoportal%2C15.5.0%2CN%3Bsocialservices%2C18.0.3%2CN%3Bsearch%2C18.5.0%2CN%3Bphotogallery%2C18.0.0%2CN%3Bscale%2C17.5.0%2CN%3Bvote%2C17.5.1%2CN%3Bhighloadblock%2C18.5.0%2CN%3Bsubscribe%2C18.5.0%2CN%3Bbitrixcloud%2C18.5.0%2CN%3Bmobileapp%2C18.0.2%2CN%3Bb24connector%2C18.0.0%2CN%3Bclouds%2C18.0.0%2CN%3Bforum%2C18.0.3%2CN%3Bperfmon%2C18.5.0%2CN%3Bform%2C18.0.0%2CN%3Bfileman%2C18.0.4%2CN%3Bexabit.scrollup%2C1.0.0%2CN%3Brest%2C18.5.2%2CN%3Bmessageservice%2C18.0.0%2CN%3Bui%2C18.0.1%2CN%3Blanding%2C18.5.7%2CN%3Bhardkod.turboyandex%2C1.0.5%2CN&reqm=bitrix.sitecorporate%2Cbitrix.sitepersonal%2Cbitrix.siteinfoportal%2Cexabit.scrollup%2Chardkod.turboyandex&SUPD_SRS=RU&SUPD_CMP=N
2020-04-03 08:21:10 -  - exec CUpdateClientPartner::GetHTTPPage
2020-04-03 08:21:11 -  - TIME GetUpdatesList(request) 0.233 sec
2020-04-03 08:21:11 -  - exec CUpdateClientPartner::ParseServerData
2020-04-03 08:21:16 -  - exec CUpdateClientPartner::GetUpdatesList
2020-04-03 08:21:16 -  - exec CUpdateClientPartner::__CollectRequestData
2020-04-03 08:21:16 -  - utf=Y&lang=ru&stable=Y&CANGZIP=Y&SUPD_DBS=MYSQL&XE=N&CLIENT_SITE=www.tulatoz.ru&LICENSE_KEY=X&SUPD_STS=2&SUPD_URS=0&SUPD_URSA=9&TYPENC=E&CLIENT_PHPVER=7.0.33&NGINX=Y&dbv=5.6.41&instm=main%2C18.1.3%2CN%3Bbitrix.sitecorporate%2C15.5.0%2CN%3Bsecurity%2C18.5.0%2CN%3Btranslate%2C16.5.0%2CN%3Biblock%2C18.5.4%2CN%3Bbitrix.sitepersonal%2C15.5.0%2CN%3Bseo%2C18.5.0%2CN%3Bcompression%2C16.0.0%2CN%3Bblog%2C18.1.0%2CN%3Bbitrix.siteinfoportal%2C15.5.0%2CN%3Bsocialservices%2C18.0.3%2CN%3Bsearch%2C18.5.0%2CN%3Bphotogallery%2C18.0.0%2CN%3Bscale%2C17.5.0%2CN%3Bvote%2C17.5.1%2CN%3Bhighloadblock%2C18.5.0%2CN%3Bsubscribe%2C18.5.0%2CN%3Bbitrixcloud%2C18.5.0%2CN%3Bmobileapp%2C18.0.2%2CN%3Bb24connector%2C18.0.0%2CN%3Bclouds%2C18.0.0%2CN%3Bforum%2C18.0.3%2CN%3Bperfmon%2C18.5.0%2CN%3Bform%2C18.0.0%2CN%3Bfileman%2C18.0.4%2CN%3Bexabit.scrollup%2C1.0.0%2CN%3Brest%2C18.5.2%2CN%3Bmessageservice%2C18.0.0%2CN%3Bui%2C18.0.1%2CN%3Blanding%2C18.5.7%2CN%3Bhardkod.turboyandex%2C1.0.5%2CN&reqm=bitrix.sitecorporate%2Cbitrix.sitepersonal%2Cbitrix.siteinfoportal%2Cexabit.scrollup%2Chardkod.turboyandex&fullmoduleinfo=Y&SUPD_SRS=RU&SUPD_CMP=N
2020-04-03 08:21:16 -  - exec CUpdateClientPartner::GetHTTPPage
2020-04-03 08:21:17 -  - TIME GetUpdatesList(request) 0.291 sec
2020-04-03 08:21:17 -  - exec CUpdateClientPartner::ParseServerData
2020-04-03 08:22:28 -  - exec CUpdateClientPartner::GetUpdatesList
2020-04-03 08:22:28 -  - exec CUpdateClientPartner::__CollectRequestData
2020-04-03 08:22:28 -  - utf=Y&lang=ru&stable=Y&CANGZIP=Y&SUPD_DBS=MYSQL&XE=N&CLIENT_SITE=www.tulatoz.ru&LICENSE_KEY=X&SUPD_STS=2&SUPD_URS=0&SUPD_URSA=9&TYPENC=E&CLIENT_PHPVER=7.0.33&NGINX=Y&dbv=5.6.41&instm=main%2C18.1.3%2CN%3Bbitrix.sitecorporate%2C15.5.0%2CN%3Bsecurity%2C18.5.0%2CN%3Btranslate%2C16.5.0%2CN%3Biblock%2C18.5.4%2CN%3Bbitrix.sitepersonal%2C15.5.0%2CN%3Bseo%2C18.5.0%2CN%3Bcompression%2C16.0.0%2CN%3Bblog%2C18.1.0%2CN%3Bbitrix.siteinfoportal%2C15.5.0%2CN%3Bsocialservices%2C18.0.3%2CN%3Bsearch%2C18.5.0%2CN%3Bphotogallery%2C18.0.0%2CN%3Bscale%2C17.5.0%2CN%3Bvote%2C17.5.1%2CN%3Bhighloadblock%2C18.5.0%2CN%3Bsubscribe%2C18.5.0%2CN%3Bbitrixcloud%2C18.5.0%2CN%3Bmobileapp%2C18.0.2%2CN%3Bb24connector%2C18.0.0%2CN%3Bclouds%2C18.0.0%2CN%3Bforum%2C18.0.3%2CN%3Bperfmon%2C18.5.0%2CN%3Bform%2C18.0.0%2CN%3Bfileman%2C18.0.4%2CN%3Bexabit.scrollup%2C1.0.0%2CN%3Brest%2C18.5.2%2CN%3Bmessageservice%2C18.0.0%2CN%3Bui%2C18.0.1%2CN%3Blanding%2C18.5.7%2CN%3Bhardkod.turboyandex%2C1.0.5%2CN&reqm=bitrix.sitecorporate%2Cbitrix.sitepersonal%2Cbitrix.siteinfoportal%2Cexabit.scrollup%2Chardkod.turboyandex&SUPD_SRS=RU&SUPD_CMP=N
2020-04-03 08:22:28 -  - exec CUpdateClientPartner::GetHTTPPage
2020-04-03 08:22:28 -  - TIME GetUpdatesList(request) 0.318 sec
2020-04-03 08:22:28 -  - exec CUpdateClientPartner::ParseServerData
2020-04-03 08:22:33 -  - exec CUpdateClientPartner::GetUpdatesList
2020-04-03 08:22:33 -  - exec CUpdateClientPartner::__CollectRequestData
2020-04-03 08:22:33 -  - utf=Y&lang=ru&stable=Y&CANGZIP=Y&SUPD_DBS=MYSQL&XE=N&CLIENT_SITE=www.tulatoz.ru&LICENSE_KEY=X&SUPD_STS=2&SUPD_URS=0&SUPD_URSA=9&TYPENC=E&CLIENT_PHPVER=7.0.33&NGINX=Y&dbv=5.6.41&instm=main%2C18.1.3%2CN%3Bbitrix.sitecorporate%2C15.5.0%2CN%3Bsecurity%2C18.5.0%2CN%3Btranslate%2C16.5.0%2CN%3Biblock%2C18.5.4%2CN%3Bbitrix.sitepersonal%2C15.5.0%2CN%3Bseo%2C18.5.0%2CN%3Bcompression%2C16.0.0%2CN%3Bblog%2C18.1.0%2CN%3Bbitrix.siteinfoportal%2C15.5.0%2CN%3Bsocialservices%2C18.0.3%2CN%3Bsearch%2C18.5.0%2CN%3Bphotogallery%2C18.0.0%2CN%3Bscale%2C17.5.0%2CN%3Bvote%2C17.5.1%2CN%3Bhighloadblock%2C18.5.0%2CN%3Bsubscribe%2C18.5.0%2CN%3Bbitrixcloud%2C18.5.0%2CN%3Bmobileapp%2C18.0.2%2CN%3Bb24connector%2C18.0.0%2CN%3Bclouds%2C18.0.0%2CN%3Bforum%2C18.0.3%2CN%3Bperfmon%2C18.5.0%2CN%3Bform%2C18.0.0%2CN%3Bfileman%2C18.0.4%2CN%3Bexabit.scrollup%2C1.0.0%2CN%3Brest%2C18.5.2%2CN%3Bmessageservice%2C18.0.0%2CN%3Bui%2C18.0.1%2CN%3Blanding%2C18.5.7%2CN%3Bhardkod.turboyandex%2C1.0.5%2CN&reqm=bitrix.sitecorporate%2Cbitrix.sitepersonal%2Cbitrix.siteinfoportal%2Cexabit.scrollup%2Chardkod.turboyandex&fullmoduleinfo=Y&SUPD_SRS=RU&SUPD_CMP=N
2020-04-03 08:22:33 -  - exec CUpdateClientPartner::GetHTTPPage
2020-04-03 08:22:33 -  - TIME GetUpdatesList(request) 0.22 sec
2020-04-03 08:22:33 -  - exec CUpdateClientPartner::ParseServerData
2020-04-03 08:23:45 -  - exec CUpdateClientPartner::GetUpdatesList
2020-04-03 08:23:45 -  - exec CUpdateClientPartner::__CollectRequestData
2020-04-03 08:23:45 -  - utf=Y&lang=ru&stable=Y&CANGZIP=Y&SUPD_DBS=MYSQL&XE=N&CLIENT_SITE=www.tulatoz.ru&LICENSE_KEY=X&SUPD_STS=2&SUPD_URS=0&SUPD_URSA=9&TYPENC=E&CLIENT_PHPVER=7.0.33&NGINX=Y&dbv=5.6.41&instm=main%2C18.1.3%2CN%3Bbitrix.sitecorporate%2C15.5.0%2CN%3Bsecurity%2C18.5.0%2CN%3Btranslate%2C16.5.0%2CN%3Biblock%2C18.5.4%2CN%3Bbitrix.sitepersonal%2C15.5.0%2CN%3Bseo%2C18.5.0%2CN%3Bcompression%2C16.0.0%2CN%3Bblog%2C18.1.0%2CN%3Bbitrix.siteinfoportal%2C15.5.0%2CN%3Bsocialservices%2C18.0.3%2CN%3Bsearch%2C18.5.0%2CN%3Bphotogallery%2C18.0.0%2CN%3Bscale%2C17.5.0%2CN%3Bvote%2C17.5.1%2CN%3Bhighloadblock%2C18.5.0%2CN%3Bsubscribe%2C18.5.0%2CN%3Bbitrixcloud%2C18.5.0%2CN%3Bmobileapp%2C18.0.2%2CN%3Bb24connector%2C18.0.0%2CN%3Bclouds%2C18.0.0%2CN%3Bforum%2C18.0.3%2CN%3Bperfmon%2C18.5.0%2CN%3Bform%2C18.0.0%2CN%3Bfileman%2C18.0.4%2CN%3Bexabit.scrollup%2C1.0.0%2CN%3Brest%2C18.5.2%2CN%3Bmessageservice%2C18.0.0%2CN%3Bui%2C18.0.1%2CN%3Blanding%2C18.5.7%2CN%3Bhardkod.turboyandex%2C1.0.5%2CN&reqm=bitrix.sitecorporate%2Cbitrix.sitepersonal%2Cbitrix.siteinfoportal%2Cexabit.scrollup%2Chardkod.turboyandex&fullmoduleinfo=Y&SUPD_SRS=RU&SUPD_CMP=N
2020-04-03 08:23:45 -  - exec CUpdateClientPartner::GetHTTPPage
2020-04-03 08:23:46 -  - TIME GetUpdatesList(request) 0.314 sec
2020-04-03 08:23:46 -  - exec CUpdateClientPartner::ParseServerData
2020-04-03 08:24:18 -  - exec CUpdateClientPartner::GetUpdatesList
2020-04-03 08:24:18 -  - exec CUpdateClientPartner::__CollectRequestData
2020-04-03 08:24:18 -  - utf=Y&lang=ru&stable=Y&CANGZIP=Y&SUPD_DBS=MYSQL&XE=N&CLIENT_SITE=www.tulatoz.ru&LICENSE_KEY=X&SUPD_STS=2&SUPD_URS=0&SUPD_URSA=9&TYPENC=E&CLIENT_PHPVER=7.0.33&NGINX=Y&dbv=5.6.41&instm=main%2C18.1.3%2CN%3Bbitrix.sitecorporate%2C15.5.0%2CN%3Bsecurity%2C18.5.0%2CN%3Btranslate%2C16.5.0%2CN%3Biblock%2C18.5.4%2CN%3Bbitrix.sitepersonal%2C15.5.0%2CN%3Bseo%2C18.5.0%2CN%3Bcompression%2C16.0.0%2CN%3Bblog%2C18.1.0%2CN%3Bbitrix.siteinfoportal%2C15.5.0%2CN%3Bsocialservices%2C18.0.3%2CN%3Bsearch%2C18.5.0%2CN%3Bphotogallery%2C18.0.0%2CN%3Bscale%2C17.5.0%2CN%3Bvote%2C17.5.1%2CN%3Bhighloadblock%2C18.5.0%2CN%3Bsubscribe%2C18.5.0%2CN%3Bbitrixcloud%2C18.5.0%2CN%3Bmobileapp%2C18.0.2%2CN%3Bb24connector%2C18.0.0%2CN%3Bclouds%2C18.0.0%2CN%3Bforum%2C18.0.3%2CN%3Bperfmon%2C18.5.0%2CN%3Bform%2C18.0.0%2CN%3Bfileman%2C18.0.4%2CN%3Bexabit.scrollup%2C1.0.0%2CN%3Brest%2C18.5.2%2CN%3Bmessageservice%2C18.0.0%2CN%3Bui%2C18.0.1%2CN%3Blanding%2C18.5.7%2CN%3Bhardkod.turboyandex%2C1.0.5%2CN&reqm=bitrix.sitecorporate%2Cbitrix.sitepersonal%2Cbitrix.siteinfoportal%2Cexabit.scrollup%2Chardkod.turboyandex&fullmoduleinfo=Y&SUPD_SRS=RU&SUPD_CMP=N
2020-04-03 08:24:18 -  - exec CUpdateClientPartner::GetHTTPPage
2020-04-03 08:24:19 -  - TIME GetUpdatesList(request) 0.29 sec
2020-04-03 08:24:19 -  - exec CUpdateClientPartner::ParseServerData
2020-04-03 08:24:31 - Ux11 - Ошибка описания модуля "hardkod.turboyandex1"
2020-04-03 08:24:35 - Ux11 - Ошибка описания модуля "hardkod.turboyandex1"
2020-04-03 08:24:35 -  - exec CUpdateClientPartner::GetUpdatesList
2020-04-03 08:24:35 -  - exec CUpdateClientPartner::__CollectRequestData
2020-04-03 08:24:35 - Ux11 - Ошибка описания модуля "hardkod.turboyandex1"
2020-04-03 08:24:35 - NCRD01 - [Ux11] Ошибка описания модуля "hardkod.turboyandex1". 
2020-04-03 08:24:35 - GUL01 - Empty query list
2020-04-03 08:24:35 - Ux11 - Ошибка описания модуля "hardkod.turboyandex1"
2020-04-03 08:24:55 -  - exec CUpdateClientPartner::GetUpdatesList
2020-04-03 08:24:55 -  - exec CUpdateClientPartner::__CollectRequestData
2020-04-03 08:24:55 -  - utf=Y&lang=ru&stable=Y&CANGZIP=Y&SUPD_DBS=MYSQL&XE=N&CLIENT_SITE=www.tulatoz.ru&LICENSE_KEY=X&SUPD_STS=2&SUPD_URS=0&SUPD_URSA=9&TYPENC=E&CLIENT_PHPVER=7.0.33&NGINX=Y&dbv=5.6.41&instm=main%2C18.1.3%2CN%3Bbitrix.sitecorporate%2C15.5.0%2CN%3Bsecurity%2C18.5.0%2CN%3Btranslate%2C16.5.0%2CN%3Biblock%2C18.5.4%2CN%3Bbitrix.sitepersonal%2C15.5.0%2CN%3Bseo%2C18.5.0%2CN%3Bcompression%2C16.0.0%2CN%3Bblog%2C18.1.0%2CN%3Bbitrix.siteinfoportal%2C15.5.0%2CN%3Bsocialservices%2C18.0.3%2CN%3Bsearch%2C18.5.0%2CN%3Bphotogallery%2C18.0.0%2CN%3Bscale%2C17.5.0%2CN%3Bvote%2C17.5.1%2CN%3Bhighloadblock%2C18.5.0%2CN%3Bsubscribe%2C18.5.0%2CN%3Bbitrixcloud%2C18.5.0%2CN%3Bmobileapp%2C18.0.2%2CN%3Bb24connector%2C18.0.0%2CN%3Bclouds%2C18.0.0%2CN%3Bforum%2C18.0.3%2CN%3Bperfmon%2C18.5.0%2CN%3Bform%2C18.0.0%2CN%3Bfileman%2C18.0.4%2CN%3Bexabit.scrollup%2C1.0.0%2CN%3Brest%2C18.5.2%2CN%3Bmessageservice%2C18.0.0%2CN%3Bui%2C18.0.1%2CN%3Blanding%2C18.5.7%2CN%3Bhardkod.turboyandex%2C1.0.5%2CN&reqm=bitrix.sitecorporate%2Cbitrix.sitepersonal%2Cbitrix.siteinfoportal%2Cexabit.scrollup%2Chardkod.turboyandex%2Chardkod.turboyandex&SUPD_SRS=RU&SUPD_CMP=N
2020-04-03 08:24:55 -  - exec CUpdateClientPartner::GetHTTPPage
2020-04-03 08:24:56 -  - TIME GetUpdatesList(request) 0.427 sec
2020-04-03 08:24:56 -  - exec CUpdateClientPartner::ParseServerData
2020-04-03 08:25:03 -  - exec CUpdateClientPartner::GetUpdatesList
2020-04-03 08:25:03 -  - exec CUpdateClientPartner::__CollectRequestData
2020-04-03 08:25:03 -  - utf=Y&lang=ru&stable=Y&CANGZIP=Y&SUPD_DBS=MYSQL&XE=N&CLIENT_SITE=www.tulatoz.ru&LICENSE_KEY=X&SUPD_STS=2&SUPD_URS=0&SUPD_URSA=9&TYPENC=E&CLIENT_PHPVER=7.0.33&NGINX=Y&dbv=5.6.41&instm=main%2C18.1.3%2CN%3Bbitrix.sitecorporate%2C15.5.0%2CN%3Bsecurity%2C18.5.0%2CN%3Btranslate%2C16.5.0%2CN%3Biblock%2C18.5.4%2CN%3Bbitrix.sitepersonal%2C15.5.0%2CN%3Bseo%2C18.5.0%2CN%3Bcompression%2C16.0.0%2CN%3Bblog%2C18.1.0%2CN%3Bbitrix.siteinfoportal%2C15.5.0%2CN%3Bsocialservices%2C18.0.3%2CN%3Bsearch%2C18.5.0%2CN%3Bphotogallery%2C18.0.0%2CN%3Bscale%2C17.5.0%2CN%3Bvote%2C17.5.1%2CN%3Bhighloadblock%2C18.5.0%2CN%3Bsubscribe%2C18.5.0%2CN%3Bbitrixcloud%2C18.5.0%2CN%3Bmobileapp%2C18.0.2%2CN%3Bb24connector%2C18.0.0%2CN%3Bclouds%2C18.0.0%2CN%3Bforum%2C18.0.3%2CN%3Bperfmon%2C18.5.0%2CN%3Bform%2C18.0.0%2CN%3Bfileman%2C18.0.4%2CN%3Bexabit.scrollup%2C1.0.0%2CN%3Brest%2C18.5.2%2CN%3Bmessageservice%2C18.0.0%2CN%3Bui%2C18.0.1%2CN%3Blanding%2C18.5.7%2CN%3Bhardkod.turboyandex%2C1.0.5%2CN&reqm=bitrix.sitecorporate%2Cbitrix.sitepersonal%2Cbitrix.siteinfoportal%2Cexabit.scrollup%2Chardkod.turboyandex&fullmoduleinfo=Y&SUPD_SRS=RU&SUPD_CMP=N
2020-04-03 08:25:03 -  - exec CUpdateClientPartner::GetHTTPPage
2020-04-03 08:25:03 -  - TIME GetUpdatesList(request) 0.261 sec
2020-04-03 08:25:03 -  - exec CUpdateClientPartner::ParseServerData
2020-04-03 08:27:26 -  - exec CUpdateClientPartner::GetUpdatesList
2020-04-03 08:27:26 -  - exec CUpdateClientPartner::__CollectRequestData
2020-04-03 08:27:26 -  - utf=Y&lang=ru&stable=Y&CANGZIP=Y&SUPD_DBS=MYSQL&XE=N&CLIENT_SITE=www.tulatoz.ru&LICENSE_KEY=X&SUPD_STS=2&SUPD_URS=0&SUPD_URSA=9&TYPENC=E&CLIENT_PHPVER=7.0.33&NGINX=Y&dbv=5.6.41&instm=main%2C18.1.3%2CN%3Bbitrix.sitecorporate%2C15.5.0%2CN%3Bsecurity%2C18.5.0%2CN%3Btranslate%2C16.5.0%2CN%3Biblock%2C18.5.4%2CN%3Bbitrix.sitepersonal%2C15.5.0%2CN%3Bseo%2C18.5.0%2CN%3Bcompression%2C16.0.0%2CN%3Bblog%2C18.1.0%2CN%3Bbitrix.siteinfoportal%2C15.5.0%2CN%3Bsocialservices%2C18.0.3%2CN%3Bsearch%2C18.5.0%2CN%3Bphotogallery%2C18.0.0%2CN%3Bscale%2C17.5.0%2CN%3Bvote%2C17.5.1%2CN%3Bhighloadblock%2C18.5.0%2CN%3Bsubscribe%2C18.5.0%2CN%3Bbitrixcloud%2C18.5.0%2CN%3Bmobileapp%2C18.0.2%2CN%3Bb24connector%2C18.0.0%2CN%3Bclouds%2C18.0.0%2CN%3Bforum%2C18.0.3%2CN%3Bperfmon%2C18.5.0%2CN%3Bform%2C18.0.0%2CN%3Bfileman%2C18.0.4%2CN%3Bexabit.scrollup%2C1.0.0%2CN%3Brest%2C18.5.2%2CN%3Bmessageservice%2C18.0.0%2CN%3Bui%2C18.0.1%2CN%3Blanding%2C18.5.7%2CN&reqm=bitrix.sitecorporate%2Cbitrix.sitepersonal%2Cbitrix.siteinfoportal%2Cexabit.scrollup&fullmoduleinfo=Y&SUPD_SRS=RU&SUPD_CMP=N
2020-04-03 08:27:26 -  - exec CUpdateClientPartner::GetHTTPPage
2020-04-03 08:27:27 -  - TIME GetUpdatesList(request) 0.528 sec
2020-04-03 08:27:27 -  - exec CUpdateClientPartner::ParseServerData
2020-04-03 08:27:38 -  - exec CUpdateClientPartner::GetUpdatesList
2020-04-03 08:27:38 -  - exec CUpdateClientPartner::__CollectRequestData
2020-04-03 08:27:38 -  - utf=Y&lang=ru&stable=Y&CANGZIP=Y&SUPD_DBS=MYSQL&XE=N&CLIENT_SITE=www.tulatoz.ru&LICENSE_KEY=X&SUPD_STS=2&SUPD_URS=0&SUPD_URSA=9&TYPENC=E&CLIENT_PHPVER=7.0.33&NGINX=Y&dbv=5.6.41&instm=main%2C18.1.3%2CN%3Bbitrix.sitecorporate%2C15.5.0%2CN%3Bsecurity%2C18.5.0%2CN%3Btranslate%2C16.5.0%2CN%3Biblock%2C18.5.4%2CN%3Bbitrix.sitepersonal%2C15.5.0%2CN%3Bseo%2C18.5.0%2CN%3Bcompression%2C16.0.0%2CN%3Bblog%2C18.1.0%2CN%3Bbitrix.siteinfoportal%2C15.5.0%2CN%3Bsocialservices%2C18.0.3%2CN%3Bsearch%2C18.5.0%2CN%3Bphotogallery%2C18.0.0%2CN%3Bscale%2C17.5.0%2CN%3Bvote%2C17.5.1%2CN%3Bhighloadblock%2C18.5.0%2CN%3Bsubscribe%2C18.5.0%2CN%3Bbitrixcloud%2C18.5.0%2CN%3Bmobileapp%2C18.0.2%2CN%3Bb24connector%2C18.0.0%2CN%3Bclouds%2C18.0.0%2CN%3Bforum%2C18.0.3%2CN%3Bperfmon%2C18.5.0%2CN%3Bform%2C18.0.0%2CN%3Bfileman%2C18.0.4%2CN%3Bexabit.scrollup%2C1.0.0%2CN%3Brest%2C18.5.2%2CN%3Bmessageservice%2C18.0.0%2CN%3Bui%2C18.0.1%2CN%3Blanding%2C18.5.7%2CN&reqm=bitrix.sitecorporate%2Cbitrix.sitepersonal%2Cbitrix.siteinfoportal%2Cexabit.scrollup%2Chardkod.turboyandex&SUPD_SRS=RU&SUPD_CMP=N
2020-04-03 08:27:38 -  - exec CUpdateClientPartner::GetHTTPPage
2020-04-03 08:27:38 -  - TIME GetUpdatesList(request) 0.228 sec
2020-04-03 08:27:38 -  - exec CUpdateClientPartner::ParseServerData
2020-04-03 08:27:48 -  - exec CUpdateClientPartner::LoadModulesUpdates
2020-04-03 08:27:48 -  - exec CUpdateClientPartner::__CollectRequestData
2020-04-03 08:27:48 -  - utf=Y&lang=ru&stable=Y&CANGZIP=Y&SUPD_DBS=MYSQL&XE=N&CLIENT_SITE=www.tulatoz.ru&LICENSE_KEY=X&SUPD_STS=2&SUPD_URS=0&SUPD_URSA=9&TYPENC=E&CLIENT_PHPVER=7.0.33&NGINX=Y&dbv=5.6.41&instm=main%2C18.1.3%2CN%3Bbitrix.sitecorporate%2C15.5.0%2CN%3Bsecurity%2C18.5.0%2CN%3Btranslate%2C16.5.0%2CN%3Biblock%2C18.5.4%2CN%3Bbitrix.sitepersonal%2C15.5.0%2CN%3Bseo%2C18.5.0%2CN%3Bcompression%2C16.0.0%2CN%3Bblog%2C18.1.0%2CN%3Bbitrix.siteinfoportal%2C15.5.0%2CN%3Bsocialservices%2C18.0.3%2CN%3Bsearch%2C18.5.0%2CN%3Bphotogallery%2C18.0.0%2CN%3Bscale%2C17.5.0%2CN%3Bvote%2C17.5.1%2CN%3Bhighloadblock%2C18.5.0%2CN%3Bsubscribe%2C18.5.0%2CN%3Bbitrixcloud%2C18.5.0%2CN%3Bmobileapp%2C18.0.2%2CN%3Bb24connector%2C18.0.0%2CN%3Bclouds%2C18.0.0%2CN%3Bforum%2C18.0.3%2CN%3Bperfmon%2C18.5.0%2CN%3Bform%2C18.0.0%2CN%3Bfileman%2C18.0.4%2CN%3Bexabit.scrollup%2C1.0.0%2CN%3Brest%2C18.5.2%2CN%3Bmessageservice%2C18.0.0%2CN%3Bui%2C18.0.1%2CN%3Blanding%2C18.5.7%2CN&reqm=hardkod.turboyandex&lim=Y&SUPD_SRS=RU&SUPD_CMP=N
2020-04-03 08:27:48 -  - exec CUpdateClientPartner::GetHTTPPage
2020-04-03 08:27:48 -  - TIME LoadModulesUpdates(request) 0.231 sec
2020-04-03 08:27:48 -  - exec CUpdateClientPartner::ParseServerData
2020-04-03 08:27:48 - S - STEP
2020-04-03 08:27:48 - LMU01 - LoadModulesUpdates-Step
2020-04-03 08:27:48 -  - exec CUpdateClientPartner::LoadModulesUpdates
2020-04-03 08:27:48 -  - exec CUpdateClientPartner::ParseServerData
2020-04-03 08:27:48 -  - loadFile
2020-04-03 08:27:48 - U - RETURN
2020-04-03 08:27:48 -  - exec CUpdateClientPartner::UnGzipArchive
2020-04-03 08:27:48 -  - TIME UnGzipArchive 0.002 sec
2020-04-03 08:27:48 -  - TIME UpdateStepModules 0.003 sec
2020-04-03 08:27:48 - UPD_SUCCESS - Updated: hardkod.turboyandex
2020-04-03 08:27:48 -  - exec CUpdateClientPartner::LoadModulesUpdates
2020-04-03 08:27:48 -  - exec CUpdateClientPartner::__CollectRequestData
2020-04-03 08:27:48 -  - utf=Y&lang=ru&stable=Y&CANGZIP=Y&SUPD_DBS=MYSQL&XE=N&CLIENT_SITE=www.tulatoz.ru&LICENSE_KEY=X&SUPD_STS=2&SUPD_URS=0&SUPD_URSA=9&TYPENC=E&CLIENT_PHPVER=7.0.33&NGINX=Y&dbv=5.6.41&instm=main%2C18.1.3%2CN%3Bbitrix.sitecorporate%2C15.5.0%2CN%3Bsecurity%2C18.5.0%2CN%3Btranslate%2C16.5.0%2CN%3Biblock%2C18.5.4%2CN%3Bbitrix.sitepersonal%2C15.5.0%2CN%3Bseo%2C18.5.0%2CN%3Bcompression%2C16.0.0%2CN%3Bblog%2C18.1.0%2CN%3Bbitrix.siteinfoportal%2C15.5.0%2CN%3Bsocialservices%2C18.0.3%2CN%3Bsearch%2C18.5.0%2CN%3Bphotogallery%2C18.0.0%2CN%3Bscale%2C17.5.0%2CN%3Bvote%2C17.5.1%2CN%3Bhighloadblock%2C18.5.0%2CN%3Bsubscribe%2C18.5.0%2CN%3Bbitrixcloud%2C18.5.0%2CN%3Bmobileapp%2C18.0.2%2CN%3Bb24connector%2C18.0.0%2CN%3Bclouds%2C18.0.0%2CN%3Bforum%2C18.0.3%2CN%3Bperfmon%2C18.5.0%2CN%3Bform%2C18.0.0%2CN%3Bfileman%2C18.0.4%2CN%3Bexabit.scrollup%2C1.0.0%2CN%3Brest%2C18.5.2%2CN%3Bmessageservice%2C18.0.0%2CN%3Bui%2C18.0.1%2CN%3Blanding%2C18.5.7%2CN%3Bhardkod.turboyandex%2C0.9.1%2CN&reqm=hardkod.turboyandex&lim=Y&SUPD_SRS=RU&SUPD_CMP=N
2020-04-03 08:27:48 -  - exec CUpdateClientPartner::GetHTTPPage
2020-04-03 08:27:48 -  - TIME LoadModulesUpdates(request) 0.249 sec
2020-04-03 08:27:48 -  - exec CUpdateClientPartner::ParseServerData
2020-04-03 08:27:48 - S - STEP
2020-04-03 08:27:48 - LMU01 - LoadModulesUpdates-Step
2020-04-03 08:27:49 -  - exec CUpdateClientPartner::LoadModulesUpdates
2020-04-03 08:27:49 -  - exec CUpdateClientPartner::ParseServerData
2020-04-03 08:27:49 -  - loadFile
2020-04-03 08:27:49 - U - RETURN
2020-04-03 08:27:49 -  - exec CUpdateClientPartner::UnGzipArchive
2020-04-03 08:27:49 -  - TIME UnGzipArchive 0.001 sec
2020-04-03 08:27:49 -  - TIME UpdateStepModules 0.001 sec
2020-04-03 08:27:49 - UPD_SUCCESS - Updated: hardkod.turboyandex (0.9.2)<br>Добавлена обработка специальных символов, таких как &
2020-04-03 08:27:49 -  - exec CUpdateClientPartner::LoadModulesUpdates
2020-04-03 08:27:49 -  - exec CUpdateClientPartner::__CollectRequestData
2020-04-03 08:27:49 -  - utf=Y&lang=ru&stable=Y&CANGZIP=Y&SUPD_DBS=MYSQL&XE=N&CLIENT_SITE=www.tulatoz.ru&LICENSE_KEY=X&SUPD_STS=2&SUPD_URS=0&SUPD_URSA=9&TYPENC=E&CLIENT_PHPVER=7.0.33&NGINX=Y&dbv=5.6.41&instm=main%2C18.1.3%2CN%3Bbitrix.sitecorporate%2C15.5.0%2CN%3Bsecurity%2C18.5.0%2CN%3Btranslate%2C16.5.0%2CN%3Biblock%2C18.5.4%2CN%3Bbitrix.sitepersonal%2C15.5.0%2CN%3Bseo%2C18.5.0%2CN%3Bcompression%2C16.0.0%2CN%3Bblog%2C18.1.0%2CN%3Bbitrix.siteinfoportal%2C15.5.0%2CN%3Bsocialservices%2C18.0.3%2CN%3Bsearch%2C18.5.0%2CN%3Bphotogallery%2C18.0.0%2CN%3Bscale%2C17.5.0%2CN%3Bvote%2C17.5.1%2CN%3Bhighloadblock%2C18.5.0%2CN%3Bsubscribe%2C18.5.0%2CN%3Bbitrixcloud%2C18.5.0%2CN%3Bmobileapp%2C18.0.2%2CN%3Bb24connector%2C18.0.0%2CN%3Bclouds%2C18.0.0%2CN%3Bforum%2C18.0.3%2CN%3Bperfmon%2C18.5.0%2CN%3Bform%2C18.0.0%2CN%3Bfileman%2C18.0.4%2CN%3Bexabit.scrollup%2C1.0.0%2CN%3Brest%2C18.5.2%2CN%3Bmessageservice%2C18.0.0%2CN%3Bui%2C18.0.1%2CN%3Blanding%2C18.5.7%2CN%3Bhardkod.turboyandex%2C0.9.2%2CN&reqm=hardkod.turboyandex&lim=Y&SUPD_SRS=RU&SUPD_CMP=N
2020-04-03 08:27:49 -  - exec CUpdateClientPartner::GetHTTPPage
2020-04-03 08:27:49 -  - TIME LoadModulesUpdates(request) 0.243 sec
2020-04-03 08:27:49 -  - exec CUpdateClientPartner::ParseServerData
2020-04-03 08:27:49 - S - STEP
2020-04-03 08:27:49 - LMU01 - LoadModulesUpdates-Step
2020-04-03 08:27:49 -  - exec CUpdateClientPartner::LoadModulesUpdates
2020-04-03 08:27:49 -  - exec CUpdateClientPartner::ParseServerData
2020-04-03 08:27:49 -  - loadFile
2020-04-03 08:27:49 - U - RETURN
2020-04-03 08:27:49 -  - exec CUpdateClientPartner::UnGzipArchive
2020-04-03 08:27:49 -  - TIME UnGzipArchive 0.001 sec
2020-04-03 08:27:49 - CSURUS1 - Run updater '/bitrix/updates/update_m1585891669/hardkod.turboyandex/updater1.0.3.php'
2020-04-03 08:27:49 -  - TIME UpdateStepModules 0.002 sec
2020-04-03 08:27:49 - UPD_SUCCESS - Updated: hardkod.turboyandex (1.0.3)<br>Fix: Исправлены ошибки валидации xml файла Add: Добавлена возможность указания url сайта для формирования в файле Add: Применены новые требования оформления записи от Яндекс
2020-04-03 08:27:50 -  - exec CUpdateClientPartner::LoadModulesUpdates
2020-04-03 08:27:50 -  - exec CUpdateClientPartner::__CollectRequestData
2020-04-03 08:27:50 -  - utf=Y&lang=ru&stable=Y&CANGZIP=Y&SUPD_DBS=MYSQL&XE=N&CLIENT_SITE=www.tulatoz.ru&LICENSE_KEY=X&SUPD_STS=2&SUPD_URS=0&SUPD_URSA=9&TYPENC=E&CLIENT_PHPVER=7.0.33&NGINX=Y&dbv=5.6.41&instm=main%2C18.1.3%2CN%3Bbitrix.sitecorporate%2C15.5.0%2CN%3Bsecurity%2C18.5.0%2CN%3Btranslate%2C16.5.0%2CN%3Biblock%2C18.5.4%2CN%3Bbitrix.sitepersonal%2C15.5.0%2CN%3Bseo%2C18.5.0%2CN%3Bcompression%2C16.0.0%2CN%3Bblog%2C18.1.0%2CN%3Bbitrix.siteinfoportal%2C15.5.0%2CN%3Bsocialservices%2C18.0.3%2CN%3Bsearch%2C18.5.0%2CN%3Bphotogallery%2C18.0.0%2CN%3Bscale%2C17.5.0%2CN%3Bvote%2C17.5.1%2CN%3Bhighloadblock%2C18.5.0%2CN%3Bsubscribe%2C18.5.0%2CN%3Bbitrixcloud%2C18.5.0%2CN%3Bmobileapp%2C18.0.2%2CN%3Bb24connector%2C18.0.0%2CN%3Bclouds%2C18.0.0%2CN%3Bforum%2C18.0.3%2CN%3Bperfmon%2C18.5.0%2CN%3Bform%2C18.0.0%2CN%3Bfileman%2C18.0.4%2CN%3Bexabit.scrollup%2C1.0.0%2CN%3Brest%2C18.5.2%2CN%3Bmessageservice%2C18.0.0%2CN%3Bui%2C18.0.1%2CN%3Blanding%2C18.5.7%2CN%3Bhardkod.turboyandex%2C1.0.3%2CN&reqm=hardkod.turboyandex&lim=Y&SUPD_SRS=RU&SUPD_CMP=N
2020-04-03 08:27:50 -  - exec CUpdateClientPartner::GetHTTPPage
2020-04-03 08:27:50 -  - TIME LoadModulesUpdates(request) 0.28 sec
2020-04-03 08:27:50 -  - exec CUpdateClientPartner::ParseServerData
2020-04-03 08:27:50 - S - STEP
2020-04-03 08:27:50 - LMU01 - LoadModulesUpdates-Step
2020-04-03 08:27:50 -  - exec CUpdateClientPartner::LoadModulesUpdates
2020-04-03 08:27:50 -  - exec CUpdateClientPartner::ParseServerData
2020-04-03 08:27:50 -  - loadFile
2020-04-03 08:27:50 - U - RETURN
2020-04-03 08:27:50 -  - exec CUpdateClientPartner::UnGzipArchive
2020-04-03 08:27:50 -  - TIME UnGzipArchive 0.001 sec
2020-04-03 08:27:50 - CSURUS1 - Run updater '/bitrix/updates/update_m1585891670/hardkod.turboyandex/updater1.0.4.php'
2020-04-03 08:27:50 -  - TIME UpdateStepModules 0.002 sec
2020-04-03 08:27:50 - UPD_SUCCESS - Updated: hardkod.turboyandex (1.0.4)<br>Fix: Применены новые требования оформления записи от яндекс Add: Добавлено системные каталоги авторизации, приложений в исключения. Add: Добавлено ограничение на выгрузку не более 1000 записей. Del: Удалена настройка рекламы из модуля, теперь она настраивается в Яндекс.вебмастере
2020-04-03 08:27:50 -  - exec CUpdateClientPartner::LoadModulesUpdates
2020-04-03 08:27:50 -  - exec CUpdateClientPartner::__CollectRequestData
2020-04-03 08:27:50 -  - utf=Y&lang=ru&stable=Y&CANGZIP=Y&SUPD_DBS=MYSQL&XE=N&CLIENT_SITE=www.tulatoz.ru&LICENSE_KEY=X&SUPD_STS=2&SUPD_URS=0&SUPD_URSA=9&TYPENC=E&CLIENT_PHPVER=7.0.33&NGINX=Y&dbv=5.6.41&instm=main%2C18.1.3%2CN%3Bbitrix.sitecorporate%2C15.5.0%2CN%3Bsecurity%2C18.5.0%2CN%3Btranslate%2C16.5.0%2CN%3Biblock%2C18.5.4%2CN%3Bbitrix.sitepersonal%2C15.5.0%2CN%3Bseo%2C18.5.0%2CN%3Bcompression%2C16.0.0%2CN%3Bblog%2C18.1.0%2CN%3Bbitrix.siteinfoportal%2C15.5.0%2CN%3Bsocialservices%2C18.0.3%2CN%3Bsearch%2C18.5.0%2CN%3Bphotogallery%2C18.0.0%2CN%3Bscale%2C17.5.0%2CN%3Bvote%2C17.5.1%2CN%3Bhighloadblock%2C18.5.0%2CN%3Bsubscribe%2C18.5.0%2CN%3Bbitrixcloud%2C18.5.0%2CN%3Bmobileapp%2C18.0.2%2CN%3Bb24connector%2C18.0.0%2CN%3Bclouds%2C18.0.0%2CN%3Bforum%2C18.0.3%2CN%3Bperfmon%2C18.5.0%2CN%3Bform%2C18.0.0%2CN%3Bfileman%2C18.0.4%2CN%3Bexabit.scrollup%2C1.0.0%2CN%3Brest%2C18.5.2%2CN%3Bmessageservice%2C18.0.0%2CN%3Bui%2C18.0.1%2CN%3Blanding%2C18.5.7%2CN%3Bhardkod.turboyandex%2C1.0.4%2CN&reqm=hardkod.turboyandex&lim=Y&SUPD_SRS=RU&SUPD_CMP=N
2020-04-03 08:27:50 -  - exec CUpdateClientPartner::GetHTTPPage
2020-04-03 08:27:50 -  - TIME LoadModulesUpdates(request) 0.23 sec
2020-04-03 08:27:50 -  - exec CUpdateClientPartner::ParseServerData
2020-04-03 08:27:50 - S - STEP
2020-04-03 08:27:50 - LMU01 - LoadModulesUpdates-Step
2020-04-03 08:27:51 -  - exec CUpdateClientPartner::LoadModulesUpdates
2020-04-03 08:27:51 -  - exec CUpdateClientPartner::ParseServerData
2020-04-03 08:27:51 -  - loadFile
2020-04-03 08:27:51 - U - RETURN
2020-04-03 08:27:51 -  - exec CUpdateClientPartner::UnGzipArchive
2020-04-03 08:27:51 -  - TIME UnGzipArchive 0.002 sec
2020-04-03 08:27:51 - CSURUS1 - Run updater '/bitrix/updates/update_m1585891671/hardkod.turboyandex/updater1.0.5.php'
2020-04-03 08:27:51 -  - TIME UpdateStepModules 0.003 sec
2020-04-03 08:27:51 - UPD_SUCCESS - Updated: hardkod.turboyandex (1.0.5)<br>Fix: Применены новые требования от яндекс. Fix: Поправлен баг с тегами: img, h1-h6. Add: Возможность скрыть автора Fix: ЧПУ элементов инфоблока Fix: Валидация конечной разметки содержимого элементов Add: Разбиение на абзацы Add: Проверка наличия минимального содержимого
2020-04-03 08:27:51 -  - exec CUpdateClientPartner::LoadModulesUpdates
2020-04-03 08:27:51 -  - exec CUpdateClientPartner::__CollectRequestData
2020-04-03 08:27:51 -  - utf=Y&lang=ru&stable=Y&CANGZIP=Y&SUPD_DBS=MYSQL&XE=N&CLIENT_SITE=www.tulatoz.ru&LICENSE_KEY=X&SUPD_STS=2&SUPD_URS=0&SUPD_URSA=9&TYPENC=E&CLIENT_PHPVER=7.0.33&NGINX=Y&dbv=5.6.41&instm=main%2C18.1.3%2CN%3Bbitrix.sitecorporate%2C15.5.0%2CN%3Bsecurity%2C18.5.0%2CN%3Btranslate%2C16.5.0%2CN%3Biblock%2C18.5.4%2CN%3Bbitrix.sitepersonal%2C15.5.0%2CN%3Bseo%2C18.5.0%2CN%3Bcompression%2C16.0.0%2CN%3Bblog%2C18.1.0%2CN%3Bbitrix.siteinfoportal%2C15.5.0%2CN%3Bsocialservices%2C18.0.3%2CN%3Bsearch%2C18.5.0%2CN%3Bphotogallery%2C18.0.0%2CN%3Bscale%2C17.5.0%2CN%3Bvote%2C17.5.1%2CN%3Bhighloadblock%2C18.5.0%2CN%3Bsubscribe%2C18.5.0%2CN%3Bbitrixcloud%2C18.5.0%2CN%3Bmobileapp%2C18.0.2%2CN%3Bb24connector%2C18.0.0%2CN%3Bclouds%2C18.0.0%2CN%3Bforum%2C18.0.3%2CN%3Bperfmon%2C18.5.0%2CN%3Bform%2C18.0.0%2CN%3Bfileman%2C18.0.4%2CN%3Bexabit.scrollup%2C1.0.0%2CN%3Brest%2C18.5.2%2CN%3Bmessageservice%2C18.0.0%2CN%3Bui%2C18.0.1%2CN%3Blanding%2C18.5.7%2CN%3Bhardkod.turboyandex%2C1.0.5%2CN&reqm=hardkod.turboyandex&lim=Y&SUPD_SRS=RU&SUPD_CMP=N
2020-04-03 08:27:51 -  - exec CUpdateClientPartner::GetHTTPPage
2020-04-03 08:27:51 -  - TIME LoadModulesUpdates(request) 0.225 sec
2020-04-03 08:27:51 -  - exec CUpdateClientPartner::ParseServerData
2020-04-03 08:27:51 - STEP - Finish - NOUPDATES
2020-04-03 08:27:51 - STEP - Finish - NOUPDATES
2020-04-03 08:27:54 -  - exec CUpdateClientPartner::GetUpdatesList
2020-04-03 08:27:54 -  - exec CUpdateClientPartner::__CollectRequestData
2020-04-03 08:27:54 -  - utf=Y&lang=ru&stable=Y&CANGZIP=Y&SUPD_DBS=MYSQL&XE=N&CLIENT_SITE=www.tulatoz.ru&LICENSE_KEY=X&SUPD_STS=2&SUPD_URS=0&SUPD_URSA=9&TYPENC=E&CLIENT_PHPVER=7.0.33&NGINX=Y&dbv=5.6.41&instm=main%2C18.1.3%2CN%3Bbitrix.sitecorporate%2C15.5.0%2CN%3Bsecurity%2C18.5.0%2CN%3Btranslate%2C16.5.0%2CN%3Biblock%2C18.5.4%2CN%3Bbitrix.sitepersonal%2C15.5.0%2CN%3Bseo%2C18.5.0%2CN%3Bcompression%2C16.0.0%2CN%3Bblog%2C18.1.0%2CN%3Bbitrix.siteinfoportal%2C15.5.0%2CN%3Bsocialservices%2C18.0.3%2CN%3Bsearch%2C18.5.0%2CN%3Bphotogallery%2C18.0.0%2CN%3Bscale%2C17.5.0%2CN%3Bvote%2C17.5.1%2CN%3Bhighloadblock%2C18.5.0%2CN%3Bsubscribe%2C18.5.0%2CN%3Bbitrixcloud%2C18.5.0%2CN%3Bmobileapp%2C18.0.2%2CN%3Bb24connector%2C18.0.0%2CN%3Bclouds%2C18.0.0%2CN%3Bforum%2C18.0.3%2CN%3Bperfmon%2C18.5.0%2CN%3Bform%2C18.0.0%2CN%3Bfileman%2C18.0.4%2CN%3Bexabit.scrollup%2C1.0.0%2CN%3Brest%2C18.5.2%2CN%3Bmessageservice%2C18.0.0%2CN%3Bui%2C18.0.1%2CN%3Blanding%2C18.5.7%2CN%3Bhardkod.turboyandex%2C1.0.5%2CN&reqm=bitrix.sitecorporate%2Cbitrix.sitepersonal%2Cbitrix.siteinfoportal%2Cexabit.scrollup%2Chardkod.turboyandex&fullmoduleinfo=Y&SUPD_SRS=RU&SUPD_CMP=N
2020-04-03 08:27:54 -  - exec CUpdateClientPartner::GetHTTPPage
2020-04-03 08:27:54 -  - TIME GetUpdatesList(request) 0.23 sec
2020-04-03 08:27:54 -  - exec CUpdateClientPartner::ParseServerData
2020-04-03 08:27:54 -  - exec CUpdateClientPartner::GetUpdatesList
2020-04-03 08:27:54 -  - exec CUpdateClientPartner::__CollectRequestData
2020-04-03 08:27:54 -  - utf=Y&lang=ru&stable=Y&CANGZIP=Y&SUPD_DBS=MYSQL&XE=N&CLIENT_SITE=www.tulatoz.ru&LICENSE_KEY=X&SUPD_STS=2&SUPD_URS=0&SUPD_URSA=9&TYPENC=E&CLIENT_PHPVER=7.0.33&NGINX=Y&dbv=5.6.41&instm=main%2C18.1.3%2CN%3Bbitrix.sitecorporate%2C15.5.0%2CN%3Bsecurity%2C18.5.0%2CN%3Btranslate%2C16.5.0%2CN%3Biblock%2C18.5.4%2CN%3Bbitrix.sitepersonal%2C15.5.0%2CN%3Bseo%2C18.5.0%2CN%3Bcompression%2C16.0.0%2CN%3Bblog%2C18.1.0%2CN%3Bbitrix.siteinfoportal%2C15.5.0%2CN%3Bsocialservices%2C18.0.3%2CN%3Bsearch%2C18.5.0%2CN%3Bphotogallery%2C18.0.0%2CN%3Bscale%2C17.5.0%2CN%3Bvote%2C17.5.1%2CN%3Bhighloadblock%2C18.5.0%2CN%3Bsubscribe%2C18.5.0%2CN%3Bbitrixcloud%2C18.5.0%2CN%3Bmobileapp%2C18.0.2%2CN%3Bb24connector%2C18.0.0%2CN%3Bclouds%2C18.0.0%2CN%3Bforum%2C18.0.3%2CN%3Bperfmon%2C18.5.0%2CN%3Bform%2C18.0.0%2CN%3Bfileman%2C18.0.4%2CN%3Bexabit.scrollup%2C1.0.0%2CN%3Brest%2C18.5.2%2CN%3Bmessageservice%2C18.0.0%2CN%3Bui%2C18.0.1%2CN%3Blanding%2C18.5.7%2CN%3Bhardkod.turboyandex%2C1.0.5%2CN&reqm=bitrix.sitecorporate%2Cbitrix.sitepersonal%2Cbitrix.siteinfoportal%2Cexabit.scrollup%2Chardkod.turboyandex&fullmoduleinfo=Y&SUPD_SRS=RU&SUPD_CMP=N
2020-04-03 08:27:54 -  - exec CUpdateClientPartner::GetHTTPPage
2020-04-03 08:27:54 -  - TIME GetUpdatesList(request) 0.231 sec
2020-04-03 08:27:54 -  - exec CUpdateClientPartner::ParseServerData
2020-04-03 08:29:37 -  - exec CUpdateClientPartner::GetUpdatesList
2020-04-03 08:29:37 -  - exec CUpdateClientPartner::__CollectRequestData
2020-04-03 08:29:37 -  - utf=Y&lang=ru&stable=Y&CANGZIP=Y&SUPD_DBS=MYSQL&XE=N&CLIENT_SITE=www.tulatoz.ru&LICENSE_KEY=X&SUPD_STS=2&SUPD_URS=0&SUPD_URSA=9&TYPENC=E&CLIENT_PHPVER=7.0.33&NGINX=Y&dbv=5.6.41&instm=main%2C18.1.3%2CN%3Bbitrix.sitecorporate%2C15.5.0%2CN%3Bsecurity%2C18.5.0%2CN%3Btranslate%2C16.5.0%2CN%3Biblock%2C18.5.4%2CN%3Bbitrix.sitepersonal%2C15.5.0%2CN%3Bseo%2C18.5.0%2CN%3Bcompression%2C16.0.0%2CN%3Bblog%2C18.1.0%2CN%3Bbitrix.siteinfoportal%2C15.5.0%2CN%3Bsocialservices%2C18.0.3%2CN%3Bsearch%2C18.5.0%2CN%3Bphotogallery%2C18.0.0%2CN%3Bscale%2C17.5.0%2CN%3Bvote%2C17.5.1%2CN%3Bhighloadblock%2C18.5.0%2CN%3Bsubscribe%2C18.5.0%2CN%3Bbitrixcloud%2C18.5.0%2CN%3Bmobileapp%2C18.0.2%2CN%3Bb24connector%2C18.0.0%2CN%3Bclouds%2C18.0.0%2CN%3Bforum%2C18.0.3%2CN%3Bperfmon%2C18.5.0%2CN%3Bform%2C18.0.0%2CN%3Bfileman%2C18.0.4%2CN%3Bexabit.scrollup%2C1.0.0%2CN%3Brest%2C18.5.2%2CN%3Bmessageservice%2C18.0.0%2CN%3Bui%2C18.0.1%2CN%3Blanding%2C18.5.7%2CN%3Bhardkod.turboyandex%2C1.0.5%2CN&reqm=bitrix.sitecorporate%2Cbitrix.sitepersonal%2Cbitrix.siteinfoportal%2Cexabit.scrollup%2Chardkod.turboyandex&fullmoduleinfo=Y&SUPD_SRS=RU&SUPD_CMP=N
2020-04-03 08:29:37 -  - exec CUpdateClientPartner::GetHTTPPage
2020-04-03 08:29:37 -  - TIME GetUpdatesList(request) 0.352 sec
2020-04-03 08:29:37 -  - exec CUpdateClientPartner::ParseServerData
2020-10-26 10:56:42 -  - exec CUpdateClientPartner::GetUpdatesList
2020-10-26 10:56:42 -  - exec CUpdateClientPartner::__CollectRequestData
2020-10-26 10:56:42 -  - utf=Y&lang=ru&stable=Y&CANGZIP=Y&SUPD_DBS=MYSQL&XE=N&CLIENT_SITE=www.tulatoz.ru&LICENSE_KEY=X&SUPD_STS=2&SUPD_URS=0&SUPD_URSA=9&TYPENC=E&CLIENT_PHPVER=7.0.33&NGINX=Y&dbv=5.6.41&instm=main%2C18.1.3%2CN%3Bbitrix.sitecorporate%2C15.5.0%2CN%3Bsecurity%2C18.5.0%2CN%3Btranslate%2C16.5.0%2CN%3Biblock%2C18.5.4%2CN%3Bbitrix.sitepersonal%2C15.5.0%2CN%3Bseo%2C18.5.0%2CN%3Bcompression%2C16.0.0%2CN%3Bblog%2C18.1.0%2CN%3Bbitrix.siteinfoportal%2C15.5.0%2CN%3Bsocialservices%2C18.0.3%2CN%3Bsearch%2C18.5.0%2CN%3Bphotogallery%2C18.0.0%2CN%3Bscale%2C17.5.0%2CN%3Bvote%2C17.5.1%2CN%3Bhighloadblock%2C18.5.0%2CN%3Bsubscribe%2C18.5.0%2CN%3Bbitrixcloud%2C18.5.0%2CN%3Bmobileapp%2C18.0.2%2CN%3Bb24connector%2C18.0.0%2CN%3Bclouds%2C18.0.0%2CN%3Bforum%2C18.0.3%2CN%3Bperfmon%2C18.5.0%2CN%3Bform%2C18.0.0%2CN%3Bfileman%2C18.0.4%2CN%3Bexabit.scrollup%2C1.0.0%2CN%3Brest%2C18.5.2%2CN%3Bmessageservice%2C18.0.0%2CN%3Bui%2C18.0.1%2CN%3Blanding%2C18.5.7%2CN%3Bhardkod.turboyandex%2C1.0.5%2CN&reqm=bitrix.sitecorporate%2Cbitrix.sitepersonal%2Cbitrix.siteinfoportal%2Cexabit.scrollup%2Chardkod.turboyandex&fullmoduleinfo=Y&SUPD_SRS=RU&SUPD_CMP=N
2020-10-26 10:56:42 -  - exec CUpdateClientPartner::GetHTTPPage
2020-10-26 10:56:44 -  - TIME GetUpdatesList(request) 1.356 sec
2020-10-26 10:56:44 -  - exec CUpdateClientPartner::ParseServerData
2020-11-12 13:46:04 -  - exec CUpdateClientPartner::GetUpdatesList
2020-11-12 13:46:04 -  - exec CUpdateClientPartner::__CollectRequestData
2020-11-12 13:46:04 -  - utf=Y&lang=ru&stable=Y&CANGZIP=Y&SUPD_DBS=MYSQL&XE=N&CLIENT_SITE=www.tulatoz.ru&LICENSE_KEY=X&SUPD_STS=2&SUPD_URS=0&SUPD_URSA=9&TYPENC=E&CLIENT_PHPVER=7.0.33&NGINX=Y&dbv=5.6.41&instm=main%2C18.1.3%2CN%3Bbitrix.sitecorporate%2C15.5.0%2CN%3Bsecurity%2C18.5.0%2CN%3Btranslate%2C16.5.0%2CN%3Biblock%2C18.5.4%2CN%3Bbitrix.sitepersonal%2C15.5.0%2CN%3Bseo%2C18.5.0%2CN%3Bcompression%2C16.0.0%2CN%3Bblog%2C18.1.0%2CN%3Bbitrix.siteinfoportal%2C15.5.0%2CN%3Bsocialservices%2C18.0.3%2CN%3Bsearch%2C18.5.0%2CN%3Bphotogallery%2C18.0.0%2CN%3Bscale%2C17.5.0%2CN%3Bvote%2C17.5.1%2CN%3Bhighloadblock%2C18.5.0%2CN%3Bsubscribe%2C18.5.0%2CN%3Bbitrixcloud%2C18.5.0%2CN%3Bmobileapp%2C18.0.2%2CN%3Bb24connector%2C18.0.0%2CN%3Bclouds%2C18.0.0%2CN%3Bforum%2C18.0.3%2CN%3Bperfmon%2C18.5.0%2CN%3Bform%2C18.0.0%2CN%3Bfileman%2C18.0.4%2CN%3Bexabit.scrollup%2C1.0.0%2CN%3Brest%2C18.5.2%2CN%3Bmessageservice%2C18.0.0%2CN%3Bui%2C18.0.1%2CN%3Blanding%2C18.5.7%2CN%3Bhardkod.turboyandex%2C1.0.5%2CN&reqm=bitrix.sitecorporate%2Cbitrix.sitepersonal%2Cbitrix.siteinfoportal%2Cexabit.scrollup%2Chardkod.turboyandex&fullmoduleinfo=Y&SUPD_SRS=RU&SUPD_CMP=N
2020-11-12 13:46:04 -  - exec CUpdateClientPartner::GetHTTPPage
2020-11-12 13:46:04 -  - TIME GetUpdatesList(request) 0.213 sec
2020-11-12 13:46:04 -  - exec CUpdateClientPartner::ParseServerData
2020-11-12 13:46:12 -  - exec CUpdateClientPartner::GetUpdatesList
2020-11-12 13:46:12 -  - exec CUpdateClientPartner::__CollectRequestData
2020-11-12 13:46:12 -  - utf=Y&lang=ru&stable=Y&CANGZIP=Y&SUPD_DBS=MYSQL&XE=N&CLIENT_SITE=www.tulatoz.ru&LICENSE_KEY=X&SUPD_STS=2&SUPD_URS=0&SUPD_URSA=9&TYPENC=E&CLIENT_PHPVER=7.0.33&NGINX=Y&dbv=5.6.41&instm=main%2C18.1.3%2CN%3Bbitrix.sitecorporate%2C15.5.0%2CN%3Bsecurity%2C18.5.0%2CN%3Btranslate%2C16.5.0%2CN%3Biblock%2C18.5.4%2CN%3Bbitrix.sitepersonal%2C15.5.0%2CN%3Bseo%2C18.5.0%2CN%3Bcompression%2C16.0.0%2CN%3Bblog%2C18.1.0%2CN%3Bbitrix.siteinfoportal%2C15.5.0%2CN%3Bsocialservices%2C18.0.3%2CN%3Bsearch%2C18.5.0%2CN%3Bphotogallery%2C18.0.0%2CN%3Bscale%2C17.5.0%2CN%3Bvote%2C17.5.1%2CN%3Bhighloadblock%2C18.5.0%2CN%3Bsubscribe%2C18.5.0%2CN%3Bbitrixcloud%2C18.5.0%2CN%3Bmobileapp%2C18.0.2%2CN%3Bb24connector%2C18.0.0%2CN%3Bclouds%2C18.0.0%2CN%3Bforum%2C18.0.3%2CN%3Bperfmon%2C18.5.0%2CN%3Bform%2C18.0.0%2CN%3Bfileman%2C18.0.4%2CN%3Bexabit.scrollup%2C1.0.0%2CN%3Brest%2C18.5.2%2CN%3Bmessageservice%2C18.0.0%2CN%3Bui%2C18.0.1%2CN%3Blanding%2C18.5.7%2CN%3Bhardkod.turboyandex%2C1.0.5%2CN&reqm=bitrix.sitecorporate%2Cbitrix.sitepersonal%2Cbitrix.siteinfoportal%2Cexabit.scrollup%2Chardkod.turboyandex&SUPD_SRS=RU&SUPD_CMP=N
2020-11-12 13:46:12 -  - exec CUpdateClientPartner::GetHTTPPage
2020-11-12 13:46:12 -  - TIME GetUpdatesList(request) 0.311 sec
2020-11-12 13:46:12 -  - exec CUpdateClientPartner::ParseServerData
2020-11-12 13:46:16 -  - exec CUpdateClientPartner::GetUpdatesList
2020-11-12 13:46:16 -  - exec CUpdateClientPartner::__CollectRequestData
2020-11-12 13:46:16 -  - utf=Y&lang=ru&stable=Y&CANGZIP=Y&SUPD_DBS=MYSQL&XE=N&CLIENT_SITE=www.tulatoz.ru&LICENSE_KEY=X&SUPD_STS=2&SUPD_URS=0&SUPD_URSA=9&TYPENC=E&CLIENT_PHPVER=7.0.33&NGINX=Y&dbv=5.6.41&instm=main%2C18.1.3%2CN%3Bbitrix.sitecorporate%2C15.5.0%2CN%3Bsecurity%2C18.5.0%2CN%3Btranslate%2C16.5.0%2CN%3Biblock%2C18.5.4%2CN%3Bbitrix.sitepersonal%2C15.5.0%2CN%3Bseo%2C18.5.0%2CN%3Bcompression%2C16.0.0%2CN%3Bblog%2C18.1.0%2CN%3Bbitrix.siteinfoportal%2C15.5.0%2CN%3Bsocialservices%2C18.0.3%2CN%3Bsearch%2C18.5.0%2CN%3Bphotogallery%2C18.0.0%2CN%3Bscale%2C17.5.0%2CN%3Bvote%2C17.5.1%2CN%3Bhighloadblock%2C18.5.0%2CN%3Bsubscribe%2C18.5.0%2CN%3Bbitrixcloud%2C18.5.0%2CN%3Bmobileapp%2C18.0.2%2CN%3Bb24connector%2C18.0.0%2CN%3Bclouds%2C18.0.0%2CN%3Bforum%2C18.0.3%2CN%3Bperfmon%2C18.5.0%2CN%3Bform%2C18.0.0%2CN%3Bfileman%2C18.0.4%2CN%3Bexabit.scrollup%2C1.0.0%2CN%3Brest%2C18.5.2%2CN%3Bmessageservice%2C18.0.0%2CN%3Bui%2C18.0.1%2CN%3Blanding%2C18.5.7%2CN%3Bhardkod.turboyandex%2C1.0.5%2CN&reqm=bitrix.sitecorporate%2Cbitrix.sitepersonal%2Cbitrix.siteinfoportal%2Cexabit.scrollup%2Chardkod.turboyandex&SUPD_SRS=RU&SUPD_CMP=N
2020-11-12 13:46:16 -  - exec CUpdateClientPartner::GetHTTPPage
2020-11-12 13:46:16 -  - TIME GetUpdatesList(request) 0.199 sec
2020-11-12 13:46:16 -  - exec CUpdateClientPartner::ParseServerData
2020-12-01 09:33:12 -  - exec CUpdateClientPartner::GetUpdatesList
2020-12-01 09:33:12 -  - exec CUpdateClientPartner::__CollectRequestData
2020-12-01 09:33:12 -  - utf=Y&lang=ru&stable=Y&CANGZIP=Y&SUPD_DBS=MYSQL&XE=N&CLIENT_SITE=www.tulatoz.ru&LICENSE_KEY=X&SUPD_STS=2&SUPD_URS=0&SUPD_URSA=9&TYPENC=E&CLIENT_PHPVER=7.0.33&NGINX=Y&dbv=5.6.41&instm=main%2C18.1.3%2CN%3Bbitrix.sitecorporate%2C15.5.0%2CN%3Bsecurity%2C18.5.0%2CN%3Btranslate%2C16.5.0%2CN%3Biblock%2C18.5.4%2CN%3Bbitrix.sitepersonal%2C15.5.0%2CN%3Bseo%2C18.5.0%2CN%3Bcompression%2C16.0.0%2CN%3Bblog%2C18.1.0%2CN%3Bbitrix.siteinfoportal%2C15.5.0%2CN%3Bsocialservices%2C18.0.3%2CN%3Bsearch%2C18.5.0%2CN%3Bphotogallery%2C18.0.0%2CN%3Bscale%2C17.5.0%2CN%3Bvote%2C17.5.1%2CN%3Bhighloadblock%2C18.5.0%2CN%3Bsubscribe%2C18.5.0%2CN%3Bbitrixcloud%2C18.5.0%2CN%3Bmobileapp%2C18.0.2%2CN%3Bb24connector%2C18.0.0%2CN%3Bclouds%2C18.0.0%2CN%3Bforum%2C18.0.3%2CN%3Bperfmon%2C18.5.0%2CN%3Bform%2C18.0.0%2CN%3Bfileman%2C18.0.4%2CN%3Bexabit.scrollup%2C1.0.0%2CN%3Brest%2C18.5.2%2CN%3Bmessageservice%2C18.0.0%2CN%3Bui%2C18.0.1%2CN%3Blanding%2C18.5.7%2CN%3Bhardkod.turboyandex%2C1.0.5%2CN&reqm=bitrix.sitecorporate%2Cbitrix.sitepersonal%2Cbitrix.siteinfoportal%2Cexabit.scrollup%2Chardkod.turboyandex&fullmoduleinfo=Y&SUPD_SRS=RU&SUPD_CMP=N
2020-12-01 09:33:12 -  - exec CUpdateClientPartner::GetHTTPPage
2020-12-01 09:33:12 -  - TIME GetUpdatesList(request) 0.274 sec
2020-12-01 09:33:12 -  - exec CUpdateClientPartner::ParseServerData
2020-12-01 09:42:14 -  - exec CUpdateClientPartner::GetUpdatesList
2020-12-01 09:42:14 -  - exec CUpdateClientPartner::__CollectRequestData
2020-12-01 09:42:14 -  - utf=Y&lang=ru&stable=Y&CANGZIP=Y&SUPD_DBS=MYSQL&XE=N&CLIENT_SITE=www.tulatoz.ru&LICENSE_KEY=X&SUPD_STS=2&SUPD_URS=0&SUPD_URSA=9&TYPENC=E&CLIENT_PHPVER=7.0.33&NGINX=Y&dbv=5.6.41&instm=main%2C18.1.3%2CN%3Bbitrix.sitecorporate%2C15.5.0%2CN%3Bsecurity%2C18.5.0%2CN%3Btranslate%2C16.5.0%2CN%3Biblock%2C18.5.4%2CN%3Bbitrix.sitepersonal%2C15.5.0%2CN%3Bseo%2C18.5.0%2CN%3Bcompression%2C16.0.0%2CN%3Bblog%2C18.1.0%2CN%3Bbitrix.siteinfoportal%2C15.5.0%2CN%3Bsocialservices%2C18.0.3%2CN%3Bsearch%2C18.5.0%2CN%3Bphotogallery%2C18.0.0%2CN%3Bscale%2C17.5.0%2CN%3Bvote%2C17.5.1%2CN%3Bhighloadblock%2C18.5.0%2CN%3Bsubscribe%2C18.5.0%2CN%3Bbitrixcloud%2C18.5.0%2CN%3Bmobileapp%2C18.0.2%2CN%3Bb24connector%2C18.0.0%2CN%3Bclouds%2C18.0.0%2CN%3Bforum%2C18.0.3%2CN%3Bperfmon%2C18.5.0%2CN%3Bform%2C18.0.0%2CN%3Bfileman%2C18.0.4%2CN%3Bexabit.scrollup%2C1.0.0%2CN%3Brest%2C18.5.2%2CN%3Bmessageservice%2C18.0.0%2CN%3Bui%2C18.0.1%2CN%3Blanding%2C18.5.7%2CN%3Bhardkod.turboyandex%2C1.0.5%2CN&reqm=bitrix.sitecorporate%2Cbitrix.sitepersonal%2Cbitrix.siteinfoportal%2Cexabit.scrollup%2Chardkod.turboyandex&fullmoduleinfo=Y&SUPD_SRS=RU&SUPD_CMP=N
2020-12-01 09:42:14 -  - exec CUpdateClientPartner::GetHTTPPage
2020-12-01 09:42:14 -  - TIME GetUpdatesList(request) 0.263 sec
2020-12-01 09:42:14 -  - exec CUpdateClientPartner::ParseServerData
2020-12-01 09:42:16 -  - exec CUpdateClientPartner::GetUpdatesList
2020-12-01 09:42:16 -  - exec CUpdateClientPartner::__CollectRequestData
2020-12-01 09:42:16 -  - utf=Y&lang=ru&stable=Y&CANGZIP=Y&SUPD_DBS=MYSQL&XE=N&CLIENT_SITE=www.tulatoz.ru&LICENSE_KEY=X&SUPD_STS=2&SUPD_URS=0&SUPD_URSA=9&TYPENC=E&CLIENT_PHPVER=7.0.33&NGINX=Y&dbv=5.6.41&instm=main%2C18.1.3%2CN%3Bbitrix.sitecorporate%2C15.5.0%2CN%3Bsecurity%2C18.5.0%2CN%3Btranslate%2C16.5.0%2CN%3Biblock%2C18.5.4%2CN%3Bbitrix.sitepersonal%2C15.5.0%2CN%3Bseo%2C18.5.0%2CN%3Bcompression%2C16.0.0%2CN%3Bblog%2C18.1.0%2CN%3Bbitrix.siteinfoportal%2C15.5.0%2CN%3Bsocialservices%2C18.0.3%2CN%3Bsearch%2C18.5.0%2CN%3Bphotogallery%2C18.0.0%2CN%3Bscale%2C17.5.0%2CN%3Bvote%2C17.5.1%2CN%3Bhighloadblock%2C18.5.0%2CN%3Bsubscribe%2C18.5.0%2CN%3Bbitrixcloud%2C18.5.0%2CN%3Bmobileapp%2C18.0.2%2CN%3Bb24connector%2C18.0.0%2CN%3Bclouds%2C18.0.0%2CN%3Bforum%2C18.0.3%2CN%3Bperfmon%2C18.5.0%2CN%3Bform%2C18.0.0%2CN%3Bfileman%2C18.0.4%2CN%3Bexabit.scrollup%2C1.0.0%2CN%3Brest%2C18.5.2%2CN%3Bmessageservice%2C18.0.0%2CN%3Bui%2C18.0.1%2CN%3Blanding%2C18.5.7%2CN%3Bhardkod.turboyandex%2C1.0.5%2CN&reqm=bitrix.sitecorporate%2Cbitrix.sitepersonal%2Cbitrix.siteinfoportal%2Cexabit.scrollup%2Chardkod.turboyandex&SUPD_SRS=RU&SUPD_CMP=N
2020-12-01 09:42:16 -  - exec CUpdateClientPartner::GetHTTPPage
2020-12-01 09:42:16 -  - TIME GetUpdatesList(request) 0.234 sec
2020-12-01 09:42:16 -  - exec CUpdateClientPartner::ParseServerData
2020-12-19 10:32:16 -  - exec CUpdateClientPartner::GetUpdatesList
2020-12-19 10:32:16 -  - exec CUpdateClientPartner::__CollectRequestData
2020-12-19 10:32:16 -  - utf=Y&lang=ru&stable=Y&CANGZIP=Y&SUPD_DBS=MYSQL&XE=N&CLIENT_SITE=www.tulatoz.ru&LICENSE_KEY=X&SUPD_STS=3&SUPD_URS=0&SUPD_URSA=9&TYPENC=E&CLIENT_PHPVER=7.4.11&NGINX=Y&dbv=5.6.41&instm=main%2C18.1.3%2CN%3Bbitrix.sitecorporate%2C15.5.0%2CN%3Bsecurity%2C18.5.0%2CN%3Btranslate%2C16.5.0%2CN%3Biblock%2C18.5.4%2CN%3Bbitrix.sitepersonal%2C15.5.0%2CN%3Bseo%2C18.5.0%2CN%3Bcompression%2C16.0.0%2CN%3Bblog%2C18.1.0%2CN%3Bbitrix.siteinfoportal%2C15.5.0%2CN%3Bsocialservices%2C18.0.3%2CN%3Bsearch%2C18.5.0%2CN%3Bphotogallery%2C18.0.0%2CN%3Bscale%2C17.5.0%2CN%3Bvote%2C17.5.1%2CN%3Bhighloadblock%2C18.5.0%2CN%3Bsubscribe%2C18.5.0%2CN%3Bbitrixcloud%2C18.5.0%2CN%3Bmobileapp%2C18.0.2%2CN%3Bb24connector%2C18.0.0%2CN%3Bclouds%2C18.0.0%2CN%3Bforum%2C18.0.3%2CN%3Bperfmon%2C18.5.0%2CN%3Bform%2C18.0.0%2CN%3Bfileman%2C18.0.4%2CN%3Bexabit.scrollup%2C1.0.0%2CN%3Brest%2C18.5.2%2CN%3Bmessageservice%2C18.0.0%2CN%3Bui%2C18.0.1%2CN%3Blanding%2C18.5.7%2CN%3Bhardkod.turboyandex%2C1.0.5%2CN&reqm=bitrix.sitecorporate%2Cbitrix.sitepersonal%2Cbitrix.siteinfoportal%2Cexabit.scrollup%2Chardkod.turboyandex&SUPD_SRS=RU&SUPD_CMP=N
2020-12-19 10:32:16 -  - exec CUpdateClientPartner::GetHTTPPage
2020-12-19 10:32:16 -  - TIME GetUpdatesList(request) 0.253 sec
2020-12-19 10:32:16 -  - exec CUpdateClientPartner::ParseServerData
2020-12-19 10:42:33 -  - exec CUpdateClientPartner::GetUpdatesList
2020-12-19 10:42:33 -  - exec CUpdateClientPartner::__CollectRequestData
2020-12-19 10:42:34 -  - utf=Y&lang=ru&stable=Y&CANGZIP=Y&SUPD_DBS=MYSQL&XE=N&CLIENT_SITE=www.tulatoz.ru&LICENSE_KEY=X&SUPD_STS=3&SUPD_URS=0&SUPD_URSA=9&TYPENC=E&CLIENT_PHPVER=7.4.11&NGINX=Y&dbv=5.6.41&instm=main%2C18.1.3%2CN%3Bbitrix.sitecorporate%2C15.5.0%2CN%3Bsecurity%2C18.5.0%2CN%3Btranslate%2C16.5.0%2CN%3Biblock%2C18.5.4%2CN%3Bbitrix.sitepersonal%2C15.5.0%2CN%3Bseo%2C18.5.0%2CN%3Bcompression%2C16.0.0%2CN%3Bblog%2C18.1.0%2CN%3Bbitrix.siteinfoportal%2C15.5.0%2CN%3Bsocialservices%2C18.0.3%2CN%3Bsearch%2C18.5.0%2CN%3Bphotogallery%2C18.0.0%2CN%3Bscale%2C17.5.0%2CN%3Bvote%2C17.5.1%2CN%3Bhighloadblock%2C18.5.0%2CN%3Bsubscribe%2C18.5.0%2CN%3Bbitrixcloud%2C18.5.0%2CN%3Bmobileapp%2C18.0.2%2CN%3Bb24connector%2C18.0.0%2CN%3Bclouds%2C18.0.0%2CN%3Bforum%2C18.0.3%2CN%3Bperfmon%2C18.5.0%2CN%3Bform%2C18.0.0%2CN%3Bfileman%2C18.0.4%2CN%3Bexabit.scrollup%2C1.0.0%2CN%3Brest%2C18.5.2%2CN%3Bmessageservice%2C18.0.0%2CN%3Bui%2C18.0.1%2CN%3Blanding%2C18.5.7%2CN%3Bhardkod.turboyandex%2C1.0.5%2CN&reqm=bitrix.sitecorporate%2Cbitrix.sitepersonal%2Cbitrix.siteinfoportal%2Cexabit.scrollup%2Chardkod.turboyandex&fullmoduleinfo=Y&SUPD_SRS=RU&SUPD_CMP=N
2020-12-19 10:42:34 -  - exec CUpdateClientPartner::GetHTTPPage
2020-12-19 10:42:34 -  - TIME GetUpdatesList(request) 0.336 sec
2020-12-19 10:42:34 -  - exec CUpdateClientPartner::ParseServerData
